2026-01-27 16:55:38,561 - Main - INFO - Starting ICT Trading Bot...
2026-01-27 16:55:38,566 - Main - INFO - Mode: DRY RUN
2026-01-27 16:55:38,566 - Main - INFO - Symbols: ['EURUSD', 'GBPUSD', 'USDJPY']
2026-01-27 16:55:38,567 - MT5_Handler - INFO - Initializing MT5...
2026-01-27 16:55:47,904 - MT5_Handler - INFO - Connected to account #5044833358 on MetaQuotes-Demo
2026-01-27 16:55:47,905 - Main - INFO - Bot initialized successfully. Starting main loop...
2026-01-27 16:55:47,907 - Main - INFO - Heartbeat: Checking markets...
2026-01-27 16:55:55,192 - ICT_Strategy - ERROR - Error analyzing EURUSD: name 'np' is not defined
2026-01-27 16:55:55,609 - ICT_Strategy - ERROR - Error analyzing GBPUSD: name 'np' is not defined
2026-01-27 16:55:56,029 - ICT_Strategy - ERROR - Error analyzing USDJPY: name 'np' is not defined
2026-01-27 16:56:56,031 - Main - INFO - Heartbeat: Checking markets...
2026-01-27 16:56:56,399 - ICT_Strategy - ERROR - Error analyzing EURUSD: name 'np' is not defined
2026-01-27 16:56:56,831 - ICT_Strategy - ERROR - Error analyzing GBPUSD: name 'np' is not defined
2026-01-27 16:56:57,345 - ICT_Strategy - ERROR - Error analyzing USDJPY: name 'np' is not defined
2026-01-27 16:57:57,346 - Main - INFO - Heartbeat: Checking markets...
2026-01-27 16:57:57,366 - ICT_Strategy - ERROR - Error analyzing EURUSD: name 'np' is not defined
2026-01-27 16:57:57,384 - ICT_Strategy - ERROR - Error analyzing GBPUSD: name 'np' is not defined
2026-01-27 16:57:57,402 - ICT_Strategy - ERROR - Error analyzing USDJPY: name 'np' is not defined
2026-01-27 16:58:57,404 - Main - INFO - Heartbeat: Checking markets...
2026-01-27 16:58:57,434 - ICT_Strategy - ERROR - Error analyzing EURUSD: name 'np' is not defined
2026-01-27 16:58:57,456 - ICT_Strategy - ERROR - Error analyzing GBPUSD: name 'np' is not defined
2026-01-27 16:58:57,475 - ICT_Strategy - ERROR - Error analyzing USDJPY: name 'np' is not defined
2026-01-27 16:59:57,478 - Main - INFO - Heartbeat: Checking markets...
2026-01-27 16:59:57,491 - ICT_Strategy - ERROR - Error analyzing EURUSD: name 'np' is not defined
2026-01-27 16:59:57,509 - ICT_Strategy - ERROR - Error analyzing GBPUSD: name 'np' is not defined
2026-01-27 16:59:57,535 - ICT_Strategy - ERROR - Error analyzing USDJPY: name 'np' is not defined
2026-01-27 17:00:57,536 - Main - INFO - Heartbeat: Checking markets...
2026-01-27 17:02:03,848 - Main - INFO - Starting ICT Trading Bot...
2026-01-27 17:02:03,849 - Main - INFO - Mode: DRY RUN
2026-01-27 17:02:03,849 - Main - INFO - Symbols: ['EURUSD', 'GBPUSD', 'USDJPY', 'XAUUSD']
2026-01-27 17:02:03,849 - MT5_Handler - INFO - Initializing MT5...
2026-01-27 17:02:08,943 - MT5_Handler - INFO - Connected to account #5044833358 on MetaQuotes-Demo
2026-01-27 17:02:08,944 - Main - INFO - Bot initialized successfully. Starting main loop...
2026-01-27 17:02:08,946 - Main - INFO - Heartbeat: Checking markets...
2026-01-27 17:03:14,120 - Main - INFO - Heartbeat: Checking markets...
2026-01-27 17:04:14,179 - Main - INFO - Heartbeat: Checking markets...
2026-01-27 17:05:14,242 - Main - INFO - Heartbeat: Checking markets...
2026-01-27 17:06:14,306 - Main - INFO - Heartbeat: Checking markets...
2026-01-27 17:07:14,365 - Main - INFO - Heartbeat: Checking markets...
2026-01-27 17:08:14,410 - Main - INFO - Heartbeat: Checking markets...
2026-01-27 17:09:14,460 - Main - INFO - Heartbeat: Checking markets...
2026-01-27 17:10:14,521 - Main - INFO - Heartbeat: Checking markets...
2026-01-27 17:11:14,573 - Main - INFO - Heartbeat: Checking markets...
2026-01-27 17:11:43,121 - Main - INFO - Starting ICT Trading Bot...
2026-01-27 17:11:43,122 - Main - INFO - Mode: DRY RUN
2026-01-27 17:11:43,122 - Main - INFO - Symbols: ['EURUSD', 'GBPUSD', 'USDJPY', 'XAUUSD']
2026-01-27 17:11:43,122 - MT5_Handler - INFO - Initializing MT5...
2026-01-27 17:11:48,681 - MT5_Handler - INFO - Connected to account #5044833358 on MetaQuotes-Demo
2026-01-27 17:11:48,689 - Main - INFO - Bot initialized successfully. Starting main loop...
2026-01-27 17:11:48,690 - Main - INFO - Heartbeat: Checking markets...
2026-01-27 17:11:48,989 - Telegram - WARNING - Telegram credentials missing. Alerts disabled.
2026-01-27 17:12:54,716 - Main - INFO - Heartbeat: Checking markets...
2026-01-27 17:12:54,716 - Telegram - WARNING - Telegram credentials missing. Alerts disabled.
2026-01-27 17:13:54,764 - Main - INFO - Heartbeat: Checking markets...
2026-01-27 17:13:54,765 - Telegram - WARNING - Telegram credentials missing. Alerts disabled.
2026-01-27 17:14:54,822 - Main - INFO - Heartbeat: Checking markets...
2026-01-27 17:14:54,824 - Telegram - WARNING - Telegram credentials missing. Alerts disabled.
2026-01-27 17:15:54,903 - Main - INFO - Heartbeat: Checking markets...
2026-01-27 17:15:54,904 - Telegram - WARNING - Telegram credentials missing. Alerts disabled.
2026-01-27 17:16:39,763 - Main - INFO - Starting ICT Trading Bot...
2026-01-27 17:16:39,764 - Main - INFO - Mode: DRY RUN
2026-01-27 17:16:39,764 - Main - INFO - Symbols: ['EURUSD', 'GBPUSD', 'USDJPY', 'XAUUSD']
2026-01-27 17:16:39,765 - MT5_Handler - INFO - Initializing MT5...
2026-01-27 17:16:44,005 - MT5_Handler - INFO - Connected to account #5044833358 on MetaQuotes-Demo
2026-01-27 17:16:44,006 - Main - INFO - Bot initialized successfully. Starting main loop...
2026-01-27 17:16:44,007 - Main - INFO - Heartbeat: Checking markets...
2026-01-27 17:17:48,498 - Main - INFO - Heartbeat: Checking markets...
2026-01-27 17:18:48,529 - Main - INFO - Heartbeat: Checking markets...
2026-01-27 17:19:48,579 - Main - INFO - Heartbeat: Checking markets...
2026-01-27 17:20:48,642 - Main - INFO - Heartbeat: Checking markets...
2026-01-27 17:21:48,693 - Main - INFO - Heartbeat: Checking markets...
2026-01-27 17:22:48,742 - Main - INFO - Heartbeat: Checking markets...
2026-01-27 17:23:48,776 - Main - INFO - Heartbeat: Checking markets...
2026-01-27 17:24:48,807 - Main - INFO - Heartbeat: Checking markets...
2026-01-27 17:25:48,858 - Main - INFO - Heartbeat: Checking markets...
2026-01-27 17:26:48,894 - Main - INFO - Heartbeat: Checking markets...
2026-01-27 17:27:48,933 - Main - INFO - Heartbeat: Checking markets...
2026-01-27 17:28:48,974 - Main - INFO - Heartbeat: Checking markets...
2026-01-27 17:29:49,009 - Main - INFO - Heartbeat: Checking markets...
2026-01-27 17:30:49,042 - Main - INFO - Heartbeat: Checking markets...
2026-01-27 17:31:49,099 - Main - INFO - Heartbeat: Checking markets...
2026-01-27 17:32:49,138 - Main - INFO - Heartbeat: Checking markets...
2026-01-27 17:33:49,174 - Main - INFO - Heartbeat: Checking markets...
2026-01-27 17:34:49,206 - Main - INFO - Heartbeat: Checking markets...
2026-01-27 17:35:49,274 - Main - INFO - Heartbeat: Checking markets...
2026-01-27 17:36:49,303 - Main - INFO - Heartbeat: Checking markets...
2026-01-27 17:37:49,335 - Main - INFO - Heartbeat: Checking markets...
2026-01-27 17:38:49,368 - Main - INFO - Heartbeat: Checking markets...
2026-01-27 17:39:49,402 - Main - INFO - Heartbeat: Checking markets...
2026-01-27 17:40:49,438 - Main - INFO - Heartbeat: Checking markets...
2026-01-27 17:41:49,472 - Main - INFO - Heartbeat: Checking markets...
2026-01-27 17:42:49,507 - Main - INFO - Heartbeat: Checking markets...
2026-01-27 17:43:49,537 - Main - INFO - Heartbeat: Checking markets...
2026-01-27 17:44:49,572 - Main - INFO - Heartbeat: Checking markets...
2026-01-27 17:45:49,616 - Main - INFO - Heartbeat: Checking markets...
2026-01-27 17:46:49,657 - Main - INFO - Heartbeat: Checking markets...
2026-01-27 17:47:49,695 - Main - INFO - Heartbeat: Checking markets...
2026-01-27 17:48:49,729 - Main - INFO - Heartbeat: Checking markets...
2026-01-27 17:49:49,760 - Main - INFO - Heartbeat: Checking markets...
2026-01-27 17:50:49,793 - Main - INFO - Heartbeat: Checking markets...
2026-01-27 17:51:49,824 - Main - INFO - Heartbeat: Checking markets...
2026-01-27 17:52:49,861 - Main - INFO - Heartbeat: Checking markets...
2026-01-27 17:53:49,895 - Main - INFO - Heartbeat: Checking markets...
2026-01-27 17:54:49,930 - Main - INFO - Heartbeat: Checking markets...
2026-01-27 17:55:49,963 - Main - INFO - Heartbeat: Checking markets...
2026-01-27 17:56:50,003 - Main - INFO - Heartbeat: Checking markets...
2026-01-27 17:57:50,047 - Main - INFO - Heartbeat: Checking markets...
2026-01-27 17:58:50,084 - Main - INFO - Heartbeat: Checking markets...
2026-01-27 17:59:50,138 - Main - INFO - Heartbeat: Checking markets...
2026-01-27 18:00:50,184 - Main - INFO - Heartbeat: Checking markets...
2026-01-27 18:01:50,224 - Main - INFO - Heartbeat: Checking markets...
2026-01-27 18:02:50,269 - Main - INFO - Heartbeat: Checking markets...
2026-01-27 18:03:50,305 - Main - INFO - Heartbeat: Checking markets...
2026-01-27 18:04:50,353 - Main - INFO - Heartbeat: Checking markets...
2026-01-27 18:05:50,391 - Main - INFO - Heartbeat: Checking markets...
2026-01-27 18:06:50,426 - Main - INFO - Heartbeat: Checking markets...
2026-01-27 18:07:50,468 - Main - INFO - Heartbeat: Checking markets...
2026-01-27 18:08:50,510 - Main - INFO - Heartbeat: Checking markets...
2026-01-27 18:09:50,557 - Main - INFO - Heartbeat: Checking markets...
2026-01-27 18:10:50,595 - Main - INFO - Heartbeat: Checking markets...
2026-01-27 18:11:50,635 - Main - INFO - Heartbeat: Checking markets...
2026-01-27 18:12:50,671 - Main - INFO - Heartbeat: Checking markets...
2026-01-27 18:13:50,708 - Main - INFO - Heartbeat: Checking markets...
2026-01-27 18:14:50,747 - Main - INFO - Heartbeat: Checking markets...
2026-01-27 18:15:50,787 - Main - INFO - Heartbeat: Checking markets...
2026-01-27 18:16:50,825 - Main - INFO - Heartbeat: Checking markets...
2026-01-27 18:17:50,866 - Main - INFO - Heartbeat: Checking markets...
2026-01-27 18:18:50,909 - Main - INFO - Heartbeat: Checking markets...
2026-01-27 18:19:50,940 - Main - INFO - Heartbeat: Checking markets...
2026-01-27 18:20:50,980 - Main - INFO - Heartbeat: Checking markets...
2026-01-27 18:21:51,016 - Main - INFO - Heartbeat: Checking markets...
2026-01-27 18:22:51,071 - Main - INFO - Heartbeat: Checking markets...
2026-01-27 18:23:51,104 - Main - INFO - Heartbeat: Checking markets...
2026-01-27 18:24:51,141 - Main - INFO - Heartbeat: Checking markets...
2026-01-27 18:25:51,173 - Main - INFO - Heartbeat: Checking markets...
2026-01-27 18:26:51,208 - Main - INFO - Heartbeat: Checking markets...
2026-01-27 18:27:51,246 - Main - INFO - Heartbeat: Checking markets...
2026-01-27 18:28:51,283 - Main - INFO - Heartbeat: Checking markets...
2026-01-27 18:29:51,320 - Main - INFO - Heartbeat: Checking markets...
2026-01-27 18:30:51,361 - Main - INFO - Heartbeat: Checking markets...
2026-01-27 18:31:51,413 - Main - INFO - Heartbeat: Checking markets...
2026-01-27 18:32:51,454 - Main - INFO - Heartbeat: Checking markets...
2026-01-27 18:33:51,491 - Main - INFO - Heartbeat: Checking markets...
2026-01-27 18:34:51,525 - Main - INFO - Heartbeat: Checking markets...
2026-01-27 18:35:51,557 - Main - INFO - Heartbeat: Checking markets...
2026-01-27 18:36:51,599 - Main - INFO - Heartbeat: Checking markets...
2026-01-27 18:37:51,640 - Main - INFO - Heartbeat: Checking markets...
2026-01-27 18:38:51,674 - Main - INFO - Heartbeat: Checking markets...
2026-01-27 18:39:51,713 - Main - INFO - Heartbeat: Checking markets...
2026-01-27 18:40:51,742 - Main - INFO - Heartbeat: Checking markets...
2026-01-27 18:41:51,783 - Main - INFO - Heartbeat: Checking markets...
2026-01-27 18:42:51,816 - Main - INFO - Heartbeat: Checking markets...
2026-01-27 18:43:51,848 - Main - INFO - Heartbeat: Checking markets...
2026-01-27 18:44:51,879 - Main - INFO - Heartbeat: Checking markets...
2026-01-27 18:45:51,913 - Main - INFO - Heartbeat: Checking markets...
2026-01-27 18:46:51,953 - Main - INFO - Heartbeat: Checking markets...
2026-01-27 18:47:51,987 - Main - INFO - Heartbeat: Checking markets...
2026-01-27 18:48:52,019 - Main - INFO - Heartbeat: Checking markets...
2026-01-27 18:49:52,059 - Main - INFO - Heartbeat: Checking markets...
2026-01-27 18:50:52,109 - Main - INFO - Heartbeat: Checking markets...
2026-01-27 18:51:52,154 - Main - INFO - Heartbeat: Checking markets...
2026-01-27 18:52:52,192 - Main - INFO - Heartbeat: Checking markets...
2026-01-27 18:53:52,227 - Main - INFO - Heartbeat: Checking markets...
2026-01-27 18:54:52,260 - Main - INFO - Heartbeat: Checking markets...
2026-01-27 18:55:52,294 - Main - INFO - Heartbeat: Checking markets...
2026-01-27 18:56:52,332 - Main - INFO - Heartbeat: Checking markets...
2026-01-27 18:57:52,362 - Main - INFO - Heartbeat: Checking markets...
2026-01-27 18:58:52,400 - Main - INFO - Heartbeat: Checking markets...
2026-01-27 18:59:52,447 - Main - INFO - Heartbeat: Checking markets...
2026-01-27 19:00:52,478 - Main - INFO - Heartbeat: Checking markets...
2026-01-27 19:01:52,516 - Main - INFO - Heartbeat: Checking markets...
2026-01-27 19:02:52,559 - Main - INFO - Heartbeat: Checking markets...
2026-01-27 19:03:52,597 - Main - INFO - Heartbeat: Checking markets...
2026-01-27 19:04:52,638 - Main - INFO - Heartbeat: Checking markets...
2026-01-27 19:05:52,670 - Main - INFO - Heartbeat: Checking markets...
2026-01-27 19:06:52,709 - Main - INFO - Heartbeat: Checking markets...
2026-01-27 19:07:52,749 - Main - INFO - Heartbeat: Checking markets...
2026-01-27 19:08:52,788 - Main - INFO - Heartbeat: Checking markets...
2026-01-27 19:09:52,824 - Main - INFO - Heartbeat: Checking markets...
2026-01-27 19:10:52,863 - Main - INFO - Heartbeat: Checking markets...
2026-01-27 19:11:52,896 - Main - INFO - Heartbeat: Checking markets...
2026-01-27 19:12:52,935 - Main - INFO - Heartbeat: Checking markets...
2026-01-27 19:13:52,966 - Main - INFO - Heartbeat: Checking markets...
2026-01-27 19:14:53,011 - Main - INFO - Heartbeat: Checking markets...
2026-01-27 19:15:53,046 - Main - INFO - Heartbeat: Checking markets...
2026-01-27 19:16:53,085 - Main - INFO - Heartbeat: Checking markets...
2026-01-27 19:17:53,125 - Main - INFO - Heartbeat: Checking markets...
2026-01-27 19:18:53,161 - Main - INFO - Heartbeat: Checking markets...
2026-01-27 19:19:53,203 - Main - INFO - Heartbeat: Checking markets...
2026-01-27 19:20:53,238 - Main - INFO - Heartbeat: Checking markets...
2026-01-27 19:21:53,269 - Main - INFO - Heartbeat: Checking markets...
2026-01-27 19:22:53,296 - Main - INFO - Heartbeat: Checking markets...
2026-01-27 19:23:53,336 - Main - INFO - Heartbeat: Checking markets...
2026-01-27 19:24:53,373 - Main - INFO - Heartbeat: Checking markets...
2026-01-27 19:25:53,408 - Main - INFO - Heartbeat: Checking markets...
2026-01-27 19:26:53,444 - Main - INFO - Heartbeat: Checking markets...
2026-01-27 19:27:53,477 - Main - INFO - Heartbeat: Checking markets...
2026-01-27 19:28:53,516 - Main - INFO - Heartbeat: Checking markets...
2026-01-27 19:29:53,554 - Main - INFO - Heartbeat: Checking markets...
2026-01-27 19:30:53,598 - Main - INFO - Heartbeat: Checking markets...
2026-01-27 19:31:53,631 - Main - INFO - Heartbeat: Checking markets...
2026-01-27 19:32:53,667 - Main - INFO - Heartbeat: Checking markets...
2026-01-27 19:33:53,708 - Main - INFO - Heartbeat: Checking markets...
2026-01-27 19:34:53,745 - Main - INFO - Heartbeat: Checking markets...
2026-01-27 19:35:53,777 - Main - INFO - Heartbeat: Checking markets...
2026-01-27 19:36:53,826 - Main - INFO - Heartbeat: Checking markets...
2026-01-27 19:37:53,864 - Main - INFO - Heartbeat: Checking markets...
2026-01-27 19:38:53,897 - Main - INFO - Heartbeat: Checking markets...
2026-01-27 19:39:53,933 - Main - INFO - Heartbeat: Checking markets...
2026-01-27 19:40:53,976 - Main - INFO - Heartbeat: Checking markets...
2026-01-27 19:41:54,011 - Main - INFO - Heartbeat: Checking markets...
2026-01-27 19:42:54,053 - Main - INFO - Heartbeat: Checking markets...
2026-01-27 19:43:54,094 - Main - INFO - Heartbeat: Checking markets...
2026-01-27 19:44:54,138 - Main - INFO - Heartbeat: Checking markets...
2026-01-27 19:45:54,181 - Main - INFO - Heartbeat: Checking markets...
2026-01-27 19:46:54,218 - Main - INFO - Heartbeat: Checking markets...
2026-01-27 19:47:54,257 - Main - INFO - Heartbeat: Checking markets...
2026-01-27 19:48:54,298 - Main - INFO - Heartbeat: Checking markets...
2026-01-27 19:49:54,340 - Main - INFO - Heartbeat: Checking markets...
2026-01-27 19:50:54,380 - Main - INFO - Heartbeat: Checking markets...
2026-01-27 19:51:54,416 - Main - INFO - Heartbeat: Checking markets...
2026-01-27 19:52:54,460 - Main - INFO - Heartbeat: Checking markets...
2026-01-27 19:57:01,372 - Main - INFO - Heartbeat: Checking markets...
2026-01-27 19:58:01,448 - Main - INFO - Heartbeat: Checking markets...
2026-01-27 19:59:01,524 - Main - INFO - Heartbeat: Checking markets...
2026-01-27 20:00:01,561 - Main - INFO - Heartbeat: Checking markets...
2026-01-27 20:01:01,596 - Main - INFO - Heartbeat: Checking markets...
2026-01-27 20:02:01,638 - Main - INFO - Heartbeat: Checking markets...
2026-01-27 20:03:01,676 - Main - INFO - Heartbeat: Checking markets...
2026-01-27 20:04:01,712 - Main - INFO - Heartbeat: Checking markets...
2026-01-27 20:05:01,759 - Main - INFO - Heartbeat: Checking markets...
2026-01-27 20:06:01,796 - Main - INFO - Heartbeat: Checking markets...
2026-01-27 20:07:01,829 - Main - INFO - Heartbeat: Checking markets...
2026-01-27 20:08:01,865 - Main - INFO - Heartbeat: Checking markets...
2026-01-27 20:09:01,915 - Main - INFO - Heartbeat: Checking markets...
2026-01-27 20:10:01,951 - Main - INFO - Heartbeat: Checking markets...
2026-01-27 20:11:01,992 - Main - INFO - Heartbeat: Checking markets...
2026-01-27 20:12:02,029 - Main - INFO - Heartbeat: Checking markets...
2026-01-27 20:13:02,067 - Main - INFO - Heartbeat: Checking markets...
2026-01-27 20:14:02,106 - Main - INFO - Heartbeat: Checking markets...
2026-01-27 20:15:02,151 - Main - INFO - Heartbeat: Checking markets...
2026-01-27 20:16:02,188 - Main - INFO - Heartbeat: Checking markets...
2026-01-27 20:17:02,232 - Main - INFO - Heartbeat: Checking markets...
2026-01-27 20:18:02,279 - Main - INFO - Heartbeat: Checking markets...
2026-01-27 20:19:02,321 - Main - INFO - Heartbeat: Checking markets...
2026-01-27 20:20:02,369 - Main - INFO - Heartbeat: Checking markets...
2026-01-27 20:21:02,421 - Main - INFO - Heartbeat: Checking markets...
2026-01-27 20:22:02,451 - Main - INFO - Heartbeat: Checking markets...
2026-01-27 20:23:02,504 - Main - INFO - Heartbeat: Checking markets...
2026-01-27 20:24:02,541 - Main - INFO - Heartbeat: Checking markets...
2026-01-27 20:25:02,591 - Main - INFO - Heartbeat: Checking markets...
2026-01-27 20:26:02,626 - Main - INFO - Heartbeat: Checking markets...
2026-01-27 20:27:02,659 - Main - INFO - Heartbeat: Checking markets...
2026-01-27 20:28:02,699 - Main - INFO - Heartbeat: Checking markets...
2026-01-27 20:29:02,737 - Main - INFO - Heartbeat: Checking markets...
2026-01-27 20:30:02,771 - Main - INFO - Heartbeat: Checking markets...
2026-01-27 20:31:02,801 - Main - INFO - Heartbeat: Checking markets...
2026-01-27 20:32:02,833 - Main - INFO - Heartbeat: Checking markets...
2026-01-27 20:33:02,917 - Main - INFO - Heartbeat: Checking markets...
2026-01-27 20:34:02,966 - Main - INFO - Heartbeat: Checking markets...
2026-01-27 20:35:03,003 - Main - INFO - Heartbeat: Checking markets...
2026-01-27 20:36:03,037 - Main - INFO - Heartbeat: Checking markets...
2026-01-27 20:37:03,070 - Main - INFO - Heartbeat: Checking markets...
2026-01-27 20:38:03,128 - Main - INFO - Heartbeat: Checking markets...
2026-01-27 20:39:03,157 - Main - INFO - Heartbeat: Checking markets...
2026-01-27 20:40:03,189 - Main - INFO - Heartbeat: Checking markets...
2026-01-27 20:41:03,229 - Main - INFO - Heartbeat: Checking markets...
2026-01-27 20:42:03,263 - Main - INFO - Heartbeat: Checking markets...
2026-01-27 20:43:03,297 - Main - INFO - Heartbeat: Checking markets...
2026-01-27 20:44:03,330 - Main - INFO - Heartbeat: Checking markets...
2026-01-27 20:45:03,375 - Main - INFO - Heartbeat: Checking markets...
2026-01-27 20:46:03,413 - Main - INFO - Heartbeat: Checking markets...
2026-01-27 20:47:03,446 - Main - INFO - Heartbeat: Checking markets...
2026-01-27 20:48:03,476 - Main - INFO - Heartbeat: Checking markets...
2026-01-27 20:49:03,509 - Main - INFO - Heartbeat: Checking markets...
2026-01-27 20:50:03,557 - Main - INFO - Heartbeat: Checking markets...
2026-01-27 20:51:03,591 - Main - INFO - Heartbeat: Checking markets...
2026-01-27 20:52:03,619 - Main - INFO - Heartbeat: Checking markets...
2026-01-27 20:53:03,651 - Main - INFO - Heartbeat: Checking markets...
2026-01-27 20:54:03,681 - Main - INFO - Heartbeat: Checking markets...
2026-01-27 20:55:03,724 - Main - INFO - Heartbeat: Checking markets...
2026-01-27 20:56:03,764 - Main - INFO - Heartbeat: Checking markets...
2026-01-27 20:57:03,804 - Main - INFO - Heartbeat: Checking markets...
2026-01-27 20:58:03,847 - Main - INFO - Heartbeat: Checking markets...
2026-01-27 20:59:03,880 - Main - INFO - Heartbeat: Checking markets...
2026-01-27 21:00:03,914 - Main - INFO - Heartbeat: Checking markets...
2026-01-27 21:01:03,945 - Main - INFO - Heartbeat: Checking markets...
2026-01-27 21:02:03,977 - Main - INFO - Heartbeat: Checking markets...
2026-01-27 21:03:04,007 - Main - INFO - Heartbeat: Checking markets...
2026-01-27 21:04:04,047 - Main - INFO - Heartbeat: Checking markets...
2026-01-27 21:05:04,078 - Main - INFO - Heartbeat: Checking markets...
2026-01-27 21:06:04,144 - Main - INFO - Heartbeat: Checking markets...
2026-01-27 21:07:04,175 - Main - INFO - Heartbeat: Checking markets...
2026-01-27 21:08:04,211 - Main - INFO - Heartbeat: Checking markets...
2026-01-27 21:09:04,248 - Main - INFO - Heartbeat: Checking markets...
2026-01-27 21:10:04,276 - Main - INFO - Heartbeat: Checking markets...
2026-01-27 21:11:04,309 - Main - INFO - Heartbeat: Checking markets...
2026-01-27 21:12:04,350 - Main - INFO - Heartbeat: Checking markets...
2026-01-27 21:13:04,380 - Main - INFO - Heartbeat: Checking markets...
2026-01-27 21:14:04,426 - Main - INFO - Heartbeat: Checking markets...
2026-01-27 21:28:09,473 - Main - INFO - Heartbeat: Checking markets...
2026-01-27 21:29:09,687 - Main - INFO - Heartbeat: Checking markets...
2026-01-27 21:30:09,811 - Main - INFO - Heartbeat: Checking markets...
2026-01-27 21:31:09,930 - Main - INFO - Heartbeat: Checking markets...
2026-01-27 21:32:10,099 - Main - INFO - Heartbeat: Checking markets...
2026-01-27 21:33:10,218 - Main - INFO - Heartbeat: Checking markets...
2026-01-27 21:34:10,416 - Main - INFO - Heartbeat: Checking markets...
2026-01-27 21:35:10,632 - Main - INFO - Heartbeat: Checking markets...
2026-01-27 21:36:10,730 - Main - INFO - Heartbeat: Checking markets...
2026-01-27 21:37:10,957 - Main - INFO - Heartbeat: Checking markets...
2026-01-27 21:38:11,144 - Main - INFO - Heartbeat: Checking markets...
2026-01-27 21:39:11,279 - Main - INFO - Heartbeat: Checking markets...
2026-01-27 21:40:11,420 - Main - INFO - Heartbeat: Checking markets...
2026-01-27 21:41:11,603 - Main - INFO - Heartbeat: Checking markets...
2026-01-27 21:42:11,740 - Main - INFO - Heartbeat: Checking markets...
2026-01-27 21:43:11,920 - Main - INFO - Heartbeat: Checking markets...
2026-01-27 21:44:12,138 - Main - INFO - Heartbeat: Checking markets...
2026-01-27 21:45:12,254 - Main - INFO - Heartbeat: Checking markets...
2026-01-27 21:46:12,493 - Main - INFO - Heartbeat: Checking markets...
2026-01-27 21:47:12,614 - Main - INFO - Heartbeat: Checking markets...
2026-01-27 21:48:12,733 - Main - INFO - Heartbeat: Checking markets...
2026-01-27 21:49:12,904 - Main - INFO - Heartbeat: Checking markets...
2026-01-27 21:50:13,033 - Main - INFO - Heartbeat: Checking markets...
2026-01-27 21:51:13,174 - Main - INFO - Heartbeat: Checking markets...
2026-01-27 21:52:13,286 - Main - INFO - Heartbeat: Checking markets...
2026-01-27 21:53:13,393 - Main - INFO - Heartbeat: Checking markets...
2026-01-27 21:54:13,513 - Main - INFO - Heartbeat: Checking markets...
2026-01-27 21:55:13,721 - Main - INFO - Heartbeat: Checking markets...
2026-01-27 21:56:13,936 - Main - INFO - Heartbeat: Checking markets...
2026-01-27 21:57:14,061 - Main - INFO - Heartbeat: Checking markets...
2026-01-27 21:58:14,236 - Main - INFO - Heartbeat: Checking markets...
2026-01-27 21:59:14,426 - Main - INFO - Heartbeat: Checking markets...
2026-01-27 22:00:14,537 - Main - INFO - Heartbeat: Checking markets...
2026-01-27 22:01:14,663 - Main - INFO - Heartbeat: Checking markets...
2026-01-27 22:02:14,903 - Main - INFO - Heartbeat: Checking markets...
2026-01-27 22:03:15,014 - Main - INFO - Heartbeat: Checking markets...
2026-01-27 22:04:15,144 - Main - INFO - Heartbeat: Checking markets...
2026-01-27 22:05:15,315 - Main - INFO - Heartbeat: Checking markets...
2026-01-27 22:06:15,438 - Main - INFO - Heartbeat: Checking markets...
2026-01-27 22:07:15,639 - Main - INFO - Heartbeat: Checking markets...
2026-01-27 22:08:15,815 - Main - INFO - Heartbeat: Checking markets...
2026-01-27 22:09:15,969 - Main - INFO - Heartbeat: Checking markets...
2026-01-27 22:10:16,139 - Main - INFO - Heartbeat: Checking markets...
2026-01-27 22:11:16,370 - Main - INFO - Heartbeat: Checking markets...
2026-01-27 22:12:16,499 - Main - INFO - Heartbeat: Checking markets...
2026-01-27 22:13:16,690 - Main - INFO - Heartbeat: Checking markets...
2026-01-28 12:51:10,624 - Main - INFO - Starting ICT Trading Bot...
2026-01-28 12:51:11,332 - Main - INFO - Mode: DRY RUN
2026-01-28 12:51:11,333 - Main - INFO - Symbols: ['EURUSD', 'GBPUSD', 'USDJPY', 'XAUUSD']
2026-01-28 12:51:11,334 - MT5_Handler - INFO - Initializing MT5...
2026-01-28 12:51:29,048 - MT5_Handler - INFO - Connected to account #5044833358 on MetaQuotes-Demo
2026-01-28 12:51:29,050 - Main - INFO - Bot initialized successfully. Starting main loop...
2026-01-28 12:51:29,068 - Main - INFO - Heartbeat: Checking markets...
2026-01-28 12:52:56,542 - Main - INFO - Heartbeat: Checking markets...
2026-01-28 12:53:56,933 - Main - INFO - Heartbeat: Checking markets...
2026-01-28 12:54:57,066 - Main - INFO - Heartbeat: Checking markets...
2026-01-28 12:55:57,196 - Main - INFO - Heartbeat: Checking markets...
2026-01-28 12:56:57,415 - Main - INFO - Heartbeat: Checking markets...
2026-01-28 12:57:57,616 - Main - INFO - Heartbeat: Checking markets...
2026-01-28 12:58:57,806 - Main - INFO - Heartbeat: Checking markets...
2026-01-28 12:59:57,895 - Main - INFO - Heartbeat: Checking markets...
2026-01-28 13:00:58,069 - Main - INFO - Heartbeat: Checking markets...
2026-01-28 13:00:58,948 - ICT_Strategy - INFO - FOUND SELL SETUP: USDJPY in NY_OPEN. FVG: {'type': 'BEARISH', 'top': np.float64(152.632), 'bottom': np.float64(152.621), 'time': np.int64(1769608200)}
2026-01-28 13:00:58,968 - ICT_Strategy - INFO - Placing SELL on USDJPY @ 152.606, SL: 152.632, TP: 152.55399999999997
2026-01-28 13:00:58,969 - ICT_Strategy - INFO - DRY RUN: Order NOT sent to broker.
2026-01-28 13:01:01,285 - ICT_Strategy - INFO - FOUND BUY SETUP: XAUUSD in NY_OPEN. FVG: {'type': 'BULLISH', 'top': np.float64(5260.72), 'bottom': np.float64(5259.49), 'time': np.int64(1769607900)}
2026-01-28 13:01:01,289 - ICT_Strategy - INFO - Placing BUY on XAUUSD @ 5262.7, SL: 5259.49, TP: 5269.12
2026-01-28 13:01:01,290 - ICT_Strategy - INFO - DRY RUN: Order NOT sent to broker.
2026-01-28 13:02:02,814 - Main - INFO - Heartbeat: Checking markets...
2026-01-28 13:02:02,940 - ICT_Strategy - INFO - FOUND SELL SETUP: USDJPY in NY_OPEN. FVG: {'type': 'BEARISH', 'top': np.float64(152.632), 'bottom': np.float64(152.621), 'time': np.int64(1769608200)}
2026-01-28 13:02:02,943 - ICT_Strategy - INFO - Placing SELL on USDJPY @ 152.63, SL: 152.632, TP: 152.62599999999998
2026-01-28 13:02:02,944 - ICT_Strategy - INFO - DRY RUN: Order NOT sent to broker.
2026-01-28 13:02:04,374 - ICT_Strategy - INFO - FOUND BUY SETUP: XAUUSD in NY_OPEN. FVG: {'type': 'BULLISH', 'top': np.float64(5260.72), 'bottom': np.float64(5259.49), 'time': np.int64(1769607900)}
2026-01-28 13:02:04,377 - ICT_Strategy - INFO - Placing BUY on XAUUSD @ 5262.92, SL: 5259.49, TP: 5269.780000000001
2026-01-28 13:02:04,378 - ICT_Strategy - INFO - DRY RUN: Order NOT sent to broker.
2026-01-28 13:03:05,800 - Main - INFO - Heartbeat: Checking markets...
2026-01-28 13:03:05,923 - ICT_Strategy - INFO - FOUND SELL SETUP: USDJPY in NY_OPEN. FVG: {'type': 'BEARISH', 'top': np.float64(152.632), 'bottom': np.float64(152.621), 'time': np.int64(1769608200)}
2026-01-28 13:03:05,925 - ICT_Strategy - INFO - Placing SELL on USDJPY @ 152.621, SL: 152.632, TP: 152.59900000000002
2026-01-28 13:03:05,925 - ICT_Strategy - INFO - DRY RUN: Order NOT sent to broker.
2026-01-28 13:04:08,160 - Main - INFO - Heartbeat: Checking markets...
2026-01-28 13:04:08,254 - ICT_Strategy - INFO - FOUND SELL SETUP: USDJPY in NY_OPEN. FVG: {'type': 'BEARISH', 'top': np.float64(152.632), 'bottom': np.float64(152.621), 'time': np.int64(1769608200)}
2026-01-28 13:04:08,256 - ICT_Strategy - INFO - Placing SELL on USDJPY @ 152.594, SL: 152.632, TP: 152.51799999999997
2026-01-28 13:04:08,256 - ICT_Strategy - INFO - DRY RUN: Order NOT sent to broker.
2026-01-28 13:05:10,643 - Main - INFO - Heartbeat: Checking markets...
2026-01-28 13:05:10,742 - ICT_Strategy - INFO - FOUND SELL SETUP: USDJPY in NY_OPEN. FVG: {'type': 'BEARISH', 'top': np.float64(152.632), 'bottom': np.float64(152.621), 'time': np.int64(1769608200)}
2026-01-28 13:05:10,743 - ICT_Strategy - INFO - Placing SELL on USDJPY @ 152.56, SL: 152.632, TP: 152.416
2026-01-28 13:05:10,744 - ICT_Strategy - INFO - DRY RUN: Order NOT sent to broker.
2026-01-28 13:06:13,156 - Main - INFO - Heartbeat: Checking markets...
2026-01-28 13:06:13,274 - ICT_Strategy - INFO - FOUND SELL SETUP: USDJPY in NY_OPEN. FVG: {'type': 'BEARISH', 'top': np.float64(152.632), 'bottom': np.float64(152.621), 'time': np.int64(1769608200)}
2026-01-28 13:06:13,276 - ICT_Strategy - INFO - Placing SELL on USDJPY @ 152.581, SL: 152.632, TP: 152.47899999999996
2026-01-28 13:06:13,277 - ICT_Strategy - INFO - DRY RUN: Order NOT sent to broker.
2026-01-28 13:07:15,773 - Main - INFO - Heartbeat: Checking markets...
2026-01-28 13:07:15,986 - ICT_Strategy - INFO - FOUND SELL SETUP: USDJPY in NY_OPEN. FVG: {'type': 'BEARISH', 'top': np.float64(152.632), 'bottom': np.float64(152.621), 'time': np.int64(1769608200)}
2026-01-28 13:07:15,988 - ICT_Strategy - INFO - Placing SELL on USDJPY @ 152.547, SL: 152.632, TP: 152.37699999999998
2026-01-28 13:07:15,988 - ICT_Strategy - INFO - DRY RUN: Order NOT sent to broker.
2026-01-28 13:08:18,374 - Main - INFO - Heartbeat: Checking markets...
2026-01-28 13:08:18,473 - ICT_Strategy - INFO - FOUND SELL SETUP: USDJPY in NY_OPEN. FVG: {'type': 'BEARISH', 'top': np.float64(152.632), 'bottom': np.float64(152.621), 'time': np.int64(1769608200)}
2026-01-28 13:08:18,474 - ICT_Strategy - INFO - Placing SELL on USDJPY @ 152.549, SL: 152.632, TP: 152.383
2026-01-28 13:08:18,475 - ICT_Strategy - INFO - DRY RUN: Order NOT sent to broker.
2026-01-28 13:09:20,680 - MT5_Handler - WARNING - Connection lost. Attempting reconnect...
2026-01-28 13:09:20,683 - MT5_Handler - INFO - Initializing MT5...
2026-01-28 13:09:20,769 - MT5_Handler - INFO - Connected to account #5044833358 on MetaQuotes-Demo
2026-01-28 13:09:20,770 - Main - INFO - Heartbeat: Checking markets...
2026-01-28 13:09:21,066 - ICT_Strategy - INFO - FOUND SELL SETUP: USDJPY in NY_OPEN. FVG: {'type': 'BEARISH', 'top': np.float64(152.632), 'bottom': np.float64(152.621), 'time': np.int64(1769608200)}
2026-01-28 13:09:21,071 - ICT_Strategy - INFO - Placing SELL on USDJPY @ 152.549, SL: 152.632, TP: 152.383
2026-01-28 13:09:21,073 - ICT_Strategy - INFO - DRY RUN: Order NOT sent to broker.
2026-01-28 13:10:23,816 - Main - INFO - Heartbeat: Checking markets...
2026-01-28 13:10:23,891 - ICT_Strategy - INFO - FOUND BUY SETUP: EURUSD in NY_OPEN. FVG: {'type': 'BULLISH', 'top': np.float64(1.19714), 'bottom': np.float64(1.19703), 'time': np.int64(1769609400)}
2026-01-28 13:10:23,895 - ICT_Strategy - INFO - Placing BUY on EURUSD @ 1.19715, SL: 1.19703, TP: 1.1973899999999997
2026-01-28 13:10:23,895 - ICT_Strategy - INFO - DRY RUN: Order NOT sent to broker.
2026-01-28 13:10:25,541 - ICT_Strategy - INFO - FOUND BUY SETUP: GBPUSD in NY_OPEN. FVG: {'type': 'BULLISH', 'top': np.float64(1.37788), 'bottom': np.float64(1.37723), 'time': np.int64(1769609400)}
2026-01-28 13:10:25,545 - ICT_Strategy - INFO - Placing BUY on GBPUSD @ 1.37791, SL: 1.37723, TP: 1.37927
2026-01-28 13:10:25,547 - ICT_Strategy - INFO - DRY RUN: Order NOT sent to broker.
2026-01-28 13:10:27,272 - ICT_Strategy - INFO - FOUND SELL SETUP: USDJPY in NY_OPEN. FVG: {'type': 'BEARISH', 'top': np.float64(152.565), 'bottom': np.float64(152.564), 'time': np.int64(1769609400)}
2026-01-28 13:10:27,279 - ICT_Strategy - INFO - Placing SELL on USDJPY @ 152.56, SL: 152.565, TP: 152.55
2026-01-28 13:10:27,280 - ICT_Strategy - INFO - DRY RUN: Order NOT sent to broker.
2026-01-28 13:11:29,431 - Main - INFO - Heartbeat: Checking markets...
2026-01-28 13:11:29,499 - ICT_Strategy - INFO - FOUND BUY SETUP: EURUSD in NY_OPEN. FVG: {'type': 'BULLISH', 'top': np.float64(1.1970399999999999), 'bottom': np.float64(1.19703), 'time': np.int64(1769609400)}
2026-01-28 13:11:29,503 - ICT_Strategy - INFO - Placing BUY on EURUSD @ 1.19711, SL: 1.19703, TP: 1.1972699999999996
2026-01-28 13:11:29,505 - ICT_Strategy - INFO - DRY RUN: Order NOT sent to broker.
2026-01-28 13:11:31,223 - ICT_Strategy - INFO - FOUND BUY SETUP: GBPUSD in NY_OPEN. FVG: {'type': 'BULLISH', 'top': np.float64(1.37778), 'bottom': np.float64(1.37723), 'time': np.int64(1769609400)}
2026-01-28 13:11:31,224 - ICT_Strategy - INFO - Placing BUY on GBPUSD @ 1.37784, SL: 1.37723, TP: 1.37906
2026-01-28 13:11:31,224 - ICT_Strategy - INFO - DRY RUN: Order NOT sent to broker.
2026-01-28 13:11:33,345 - ICT_Strategy - INFO - FOUND SELL SETUP: USDJPY in NY_OPEN. FVG: {'type': 'BEARISH', 'top': np.float64(152.632), 'bottom': np.float64(152.621), 'time': np.int64(1769608200)}
2026-01-28 13:11:33,346 - ICT_Strategy - INFO - Placing SELL on USDJPY @ 152.569, SL: 152.632, TP: 152.44299999999996
2026-01-28 13:11:33,347 - ICT_Strategy - INFO - DRY RUN: Order NOT sent to broker.
2026-01-28 13:12:34,851 - Main - INFO - Heartbeat: Checking markets...
2026-01-28 13:12:34,923 - ICT_Strategy - INFO - FOUND BUY SETUP: EURUSD in NY_OPEN. FVG: {'type': 'BULLISH', 'top': np.float64(1.1970399999999999), 'bottom': np.float64(1.19703), 'time': np.int64(1769609400)}
2026-01-28 13:12:34,925 - ICT_Strategy - INFO - Placing BUY on EURUSD @ 1.1972800000000001, SL: 1.19703, TP: 1.1977800000000003
2026-01-28 13:12:34,925 - ICT_Strategy - INFO - DRY RUN: Order NOT sent to broker.
2026-01-28 13:12:37,429 - ICT_Strategy - INFO - FOUND BUY SETUP: GBPUSD in NY_OPEN. FVG: {'type': 'BULLISH', 'top': np.float64(1.37778), 'bottom': np.float64(1.37723), 'time': np.int64(1769609400)}
2026-01-28 13:12:37,436 - ICT_Strategy - INFO - Placing BUY on GBPUSD @ 1.37799, SL: 1.37723, TP: 1.3795100000000002
2026-01-28 13:12:37,437 - ICT_Strategy - INFO - DRY RUN: Order NOT sent to broker.
2026-01-28 13:13:41,154 - Main - INFO - Heartbeat: Checking markets...
2026-01-28 13:13:41,192 - ICT_Strategy - INFO - FOUND BUY SETUP: EURUSD in NY_OPEN. FVG: {'type': 'BULLISH', 'top': np.float64(1.1970399999999999), 'bottom': np.float64(1.19703), 'time': np.int64(1769609400)}
2026-01-28 13:13:41,194 - ICT_Strategy - INFO - Placing BUY on EURUSD @ 1.19729, SL: 1.19703, TP: 1.1978099999999998
2026-01-28 13:13:41,194 - ICT_Strategy - INFO - DRY RUN: Order NOT sent to broker.
2026-01-28 13:13:43,706 - ICT_Strategy - INFO - FOUND BUY SETUP: GBPUSD in NY_OPEN. FVG: {'type': 'BULLISH', 'top': np.float64(1.37778), 'bottom': np.float64(1.37723), 'time': np.int64(1769609400)}
2026-01-28 13:13:43,708 - ICT_Strategy - INFO - Placing BUY on GBPUSD @ 1.3780700000000001, SL: 1.37723, TP: 1.3797500000000005
2026-01-28 13:13:43,709 - ICT_Strategy - INFO - DRY RUN: Order NOT sent to broker.
2026-01-28 13:14:46,306 - Main - INFO - Heartbeat: Checking markets...
2026-01-28 13:14:46,507 - ICT_Strategy - INFO - FOUND BUY SETUP: EURUSD in NY_OPEN. FVG: {'type': 'BULLISH', 'top': np.float64(1.1970399999999999), 'bottom': np.float64(1.19703), 'time': np.int64(1769609400)}
2026-01-28 13:14:46,514 - ICT_Strategy - INFO - Placing BUY on EURUSD @ 1.1973, SL: 1.19703, TP: 1.19784
2026-01-28 13:14:46,514 - ICT_Strategy - INFO - DRY RUN: Order NOT sent to broker.
2026-01-28 13:14:49,134 - ICT_Strategy - INFO - FOUND BUY SETUP: GBPUSD in NY_OPEN. FVG: {'type': 'BULLISH', 'top': np.float64(1.37778), 'bottom': np.float64(1.37723), 'time': np.int64(1769609400)}
2026-01-28 13:14:49,136 - ICT_Strategy - INFO - Placing BUY on GBPUSD @ 1.37812, SL: 1.37723, TP: 1.3799000000000001
2026-01-28 13:14:49,136 - ICT_Strategy - INFO - DRY RUN: Order NOT sent to broker.
2026-01-28 13:15:51,564 - Main - INFO - Heartbeat: Checking markets...
2026-01-28 13:15:51,616 - ICT_Strategy - INFO - FOUND BUY SETUP: EURUSD in NY_OPEN. FVG: {'type': 'BULLISH', 'top': np.float64(1.1970399999999999), 'bottom': np.float64(1.19703), 'time': np.int64(1769609400)}
2026-01-28 13:15:51,617 - ICT_Strategy - INFO - Placing BUY on EURUSD @ 1.19712, SL: 1.19703, TP: 1.1972999999999998
2026-01-28 13:15:51,618 - ICT_Strategy - INFO - DRY RUN: Order NOT sent to broker.
2026-01-28 13:15:54,333 - ICT_Strategy - INFO - FOUND BUY SETUP: GBPUSD in NY_OPEN. FVG: {'type': 'BULLISH', 'top': np.float64(1.37778), 'bottom': np.float64(1.37723), 'time': np.int64(1769609400)}
2026-01-28 13:15:54,335 - ICT_Strategy - INFO - Placing BUY on GBPUSD @ 1.3780299999999999, SL: 1.37723, TP: 1.3796299999999997
2026-01-28 13:15:54,336 - ICT_Strategy - INFO - DRY RUN: Order NOT sent to broker.
2026-01-28 13:15:57,024 - ICT_Strategy - INFO - FOUND BUY SETUP: XAUUSD in NY_OPEN. FVG: {'type': 'BULLISH', 'top': np.float64(5260.55), 'bottom': np.float64(5256.53), 'time': np.int64(1769609700)}
2026-01-28 13:15:57,026 - ICT_Strategy - INFO - Placing BUY on XAUUSD @ 5262.11, SL: 5256.53, TP: 5273.2699999999995
2026-01-28 13:15:57,026 - ICT_Strategy - INFO - DRY RUN: Order NOT sent to broker.
2026-01-28 13:16:59,553 - Main - INFO - Heartbeat: Checking markets...
2026-01-28 13:16:59,596 - ICT_Strategy - INFO - FOUND BUY SETUP: EURUSD in NY_OPEN. FVG: {'type': 'BULLISH', 'top': np.float64(1.1970399999999999), 'bottom': np.float64(1.19703), 'time': np.int64(1769609400)}
2026-01-28 13:16:59,598 - ICT_Strategy - INFO - Placing BUY on EURUSD @ 1.19718, SL: 1.19703, TP: 1.1974799999999997
2026-01-28 13:16:59,599 - ICT_Strategy - INFO - DRY RUN: Order NOT sent to broker.
2026-01-28 13:17:01,964 - ICT_Strategy - INFO - FOUND BUY SETUP: GBPUSD in NY_OPEN. FVG: {'type': 'BULLISH', 'top': np.float64(1.37778), 'bottom': np.float64(1.37723), 'time': np.int64(1769609400)}
2026-01-28 13:17:01,970 - ICT_Strategy - INFO - Placing BUY on GBPUSD @ 1.37798, SL: 1.37723, TP: 1.37948
2026-01-28 13:17:01,970 - ICT_Strategy - INFO - DRY RUN: Order NOT sent to broker.
2026-01-28 13:17:04,303 - ICT_Strategy - INFO - FOUND BUY SETUP: XAUUSD in NY_OPEN. FVG: {'type': 'BULLISH', 'top': np.float64(5259.86), 'bottom': np.float64(5256.53), 'time': np.int64(1769609700)}
2026-01-28 13:17:04,304 - ICT_Strategy - INFO - Placing BUY on XAUUSD @ 5261.97, SL: 5256.53, TP: 5272.850000000001
2026-01-28 13:17:04,305 - ICT_Strategy - INFO - DRY RUN: Order NOT sent to broker.
2026-01-28 13:18:06,318 - Main - INFO - Heartbeat: Checking markets...
2026-01-28 13:18:06,356 - ICT_Strategy - INFO - FOUND BUY SETUP: EURUSD in NY_OPEN. FVG: {'type': 'BULLISH', 'top': np.float64(1.1970399999999999), 'bottom': np.float64(1.19703), 'time': np.int64(1769609400)}
2026-01-28 13:18:06,357 - ICT_Strategy - INFO - Placing BUY on EURUSD @ 1.19718, SL: 1.19703, TP: 1.1974799999999997
2026-01-28 13:18:06,357 - ICT_Strategy - INFO - DRY RUN: Order NOT sent to broker.
2026-01-28 13:18:08,894 - ICT_Strategy - INFO - FOUND BUY SETUP: GBPUSD in NY_OPEN. FVG: {'type': 'BULLISH', 'top': np.float64(1.37778), 'bottom': np.float64(1.37723), 'time': np.int64(1769609400)}
2026-01-28 13:18:08,896 - ICT_Strategy - INFO - Placing BUY on GBPUSD @ 1.37795, SL: 1.37723, TP: 1.3793900000000001
2026-01-28 13:18:08,896 - ICT_Strategy - INFO - DRY RUN: Order NOT sent to broker.
2026-01-28 13:19:10,455 - Main - INFO - Heartbeat: Checking markets...
2026-01-28 13:19:10,503 - ICT_Strategy - INFO - FOUND BUY SETUP: EURUSD in NY_OPEN. FVG: {'type': 'BULLISH', 'top': np.float64(1.1970399999999999), 'bottom': np.float64(1.19703), 'time': np.int64(1769609400)}
2026-01-28 13:19:10,504 - ICT_Strategy - INFO - Placing BUY on EURUSD @ 1.1973799999999999, SL: 1.19703, TP: 1.1980799999999996
2026-01-28 13:19:10,505 - ICT_Strategy - INFO - DRY RUN: Order NOT sent to broker.
2026-01-28 13:19:12,333 - ICT_Strategy - INFO - FOUND BUY SETUP: GBPUSD in NY_OPEN. FVG: {'type': 'BULLISH', 'top': np.float64(1.37778), 'bottom': np.float64(1.37723), 'time': np.int64(1769609400)}
2026-01-28 13:19:12,335 - ICT_Strategy - INFO - Placing BUY on GBPUSD @ 1.3783, SL: 1.37723, TP: 1.3804400000000003
2026-01-28 13:19:12,335 - ICT_Strategy - INFO - DRY RUN: Order NOT sent to broker.
2026-01-28 13:19:14,210 - ICT_Strategy - INFO - FOUND BUY SETUP: XAUUSD in NY_OPEN. FVG: {'type': 'BULLISH', 'top': np.float64(5259.58), 'bottom': np.float64(5256.53), 'time': np.int64(1769609700)}
2026-01-28 13:19:14,212 - ICT_Strategy - INFO - Placing BUY on XAUUSD @ 5259.8, SL: 5256.53, TP: 5266.340000000001
2026-01-28 13:19:14,212 - ICT_Strategy - INFO - DRY RUN: Order NOT sent to broker.
2026-01-28 13:20:15,995 - Main - INFO - Heartbeat: Checking markets...
2026-01-28 13:20:16,042 - ICT_Strategy - INFO - FOUND BUY SETUP: EURUSD in NY_OPEN. FVG: {'type': 'BULLISH', 'top': np.float64(1.1970399999999999), 'bottom': np.float64(1.19703), 'time': np.int64(1769609400)}
2026-01-28 13:20:16,044 - ICT_Strategy - INFO - Placing BUY on EURUSD @ 1.19763, SL: 1.19703, TP: 1.1988299999999998
2026-01-28 13:20:16,044 - ICT_Strategy - INFO - DRY RUN: Order NOT sent to broker.
2026-01-28 13:20:17,734 - ICT_Strategy - INFO - FOUND BUY SETUP: GBPUSD in NY_OPEN. FVG: {'type': 'BULLISH', 'top': np.float64(1.37778), 'bottom': np.float64(1.37723), 'time': np.int64(1769609400)}
2026-01-28 13:20:17,735 - ICT_Strategy - INFO - Placing BUY on GBPUSD @ 1.3782, SL: 1.37723, TP: 1.3801400000000004
2026-01-28 13:20:17,736 - ICT_Strategy - INFO - DRY RUN: Order NOT sent to broker.
2026-01-28 13:21:19,765 - Main - INFO - Heartbeat: Checking markets...
2026-01-28 13:21:19,801 - ICT_Strategy - INFO - FOUND BUY SETUP: EURUSD in NY_OPEN. FVG: {'type': 'BULLISH', 'top': np.float64(1.1970399999999999), 'bottom': np.float64(1.19703), 'time': np.int64(1769609400)}
2026-01-28 13:21:19,807 - ICT_Strategy - INFO - Placing BUY on EURUSD @ 1.1976, SL: 1.19703, TP: 1.19874
2026-01-28 13:21:19,809 - ICT_Strategy - INFO - DRY RUN: Order NOT sent to broker.
2026-01-28 13:21:22,981 - ICT_Strategy - INFO - FOUND BUY SETUP: GBPUSD in NY_OPEN. FVG: {'type': 'BULLISH', 'top': np.float64(1.37778), 'bottom': np.float64(1.37723), 'time': np.int64(1769609400)}
2026-01-28 13:21:22,991 - ICT_Strategy - INFO - Placing BUY on GBPUSD @ 1.37813, SL: 1.37723, TP: 1.3799300000000003
2026-01-28 13:21:22,992 - ICT_Strategy - INFO - DRY RUN: Order NOT sent to broker.
2026-01-28 13:22:25,217 - Main - INFO - Heartbeat: Checking markets...
2026-01-28 13:22:25,294 - ICT_Strategy - INFO - FOUND BUY SETUP: GBPUSD in NY_OPEN. FVG: {'type': 'BULLISH', 'top': np.float64(1.37778), 'bottom': np.float64(1.37723), 'time': np.int64(1769609400)}
2026-01-28 13:22:25,295 - ICT_Strategy - INFO - Placing BUY on GBPUSD @ 1.37804, SL: 1.37723, TP: 1.3796599999999999
2026-01-28 13:22:25,296 - ICT_Strategy - INFO - DRY RUN: Order NOT sent to broker.
2026-01-28 13:23:28,742 - Main - INFO - Heartbeat: Checking markets...
2026-01-28 13:23:28,807 - ICT_Strategy - INFO - FOUND BUY SETUP: GBPUSD in NY_OPEN. FVG: {'type': 'BULLISH', 'top': np.float64(1.37778), 'bottom': np.float64(1.37723), 'time': np.int64(1769609400)}
2026-01-28 13:23:28,809 - ICT_Strategy - INFO - Placing BUY on GBPUSD @ 1.37795, SL: 1.37723, TP: 1.3793900000000001
2026-01-28 13:23:28,809 - ICT_Strategy - INFO - DRY RUN: Order NOT sent to broker.
2026-01-28 13:24:30,794 - Main - INFO - Heartbeat: Checking markets...
2026-01-28 13:24:30,872 - ICT_Strategy - INFO - FOUND BUY SETUP: GBPUSD in NY_OPEN. FVG: {'type': 'BULLISH', 'top': np.float64(1.37778), 'bottom': np.float64(1.37723), 'time': np.int64(1769609400)}
2026-01-28 13:24:30,873 - ICT_Strategy - INFO - Placing BUY on GBPUSD @ 1.37811, SL: 1.37723, TP: 1.37987
2026-01-28 13:24:30,873 - ICT_Strategy - INFO - DRY RUN: Order NOT sent to broker.
2026-01-28 13:25:32,816 - Main - INFO - Heartbeat: Checking markets...
2026-01-28 13:25:32,991 - ICT_Strategy - INFO - FOUND BUY SETUP: EURUSD in NY_OPEN. FVG: {'type': 'BULLISH', 'top': np.float64(1.19792), 'bottom': np.float64(1.19751), 'time': np.int64(1769610300)}
2026-01-28 13:25:32,992 - ICT_Strategy - INFO - Placing BUY on EURUSD @ 1.19807, SL: 1.19751, TP: 1.1991899999999998
2026-01-28 13:25:32,992 - ICT_Strategy - INFO - DRY RUN: Order NOT sent to broker.
2026-01-28 13:25:35,121 - ICT_Strategy - INFO - FOUND BUY SETUP: GBPUSD in NY_OPEN. FVG: {'type': 'BULLISH', 'top': np.float64(1.37778), 'bottom': np.float64(1.37723), 'time': np.int64(1769609400)}
2026-01-28 13:25:35,124 - ICT_Strategy - INFO - Placing BUY on GBPUSD @ 1.37833, SL: 1.37723, TP: 1.3805300000000003
2026-01-28 13:25:35,125 - ICT_Strategy - INFO - DRY RUN: Order NOT sent to broker.
2026-01-28 13:25:36,902 - ICT_Strategy - INFO - FOUND SELL SETUP: USDJPY in NY_OPEN. FVG: {'type': 'BEARISH', 'top': np.float64(152.487), 'bottom': np.float64(152.434), 'time': np.int64(1769610300)}
2026-01-28 13:25:36,904 - ICT_Strategy - INFO - Placing SELL on USDJPY @ 152.426, SL: 152.487, TP: 152.30399999999997
2026-01-28 13:25:36,904 - ICT_Strategy - INFO - DRY RUN: Order NOT sent to broker.
2026-01-28 13:25:38,432 - ICT_Strategy - INFO - FOUND BUY SETUP: XAUUSD in NY_OPEN. FVG: {'type': 'BULLISH', 'top': np.float64(5266.53), 'bottom': np.float64(5264.75), 'time': np.int64(1769610300)}
2026-01-28 13:25:38,434 - ICT_Strategy - INFO - Placing BUY on XAUUSD @ 5266.85, SL: 5264.75, TP: 5271.050000000001
2026-01-28 13:25:38,435 - ICT_Strategy - INFO - DRY RUN: Order NOT sent to broker.
2026-01-28 13:26:40,054 - Main - INFO - Heartbeat: Checking markets...
2026-01-28 13:26:40,082 - ICT_Strategy - INFO - FOUND BUY SETUP: EURUSD in NY_OPEN. FVG: {'type': 'BULLISH', 'top': np.float64(1.19784), 'bottom': np.float64(1.19751), 'time': np.int64(1769610300)}
2026-01-28 13:26:40,084 - ICT_Strategy - INFO - Placing BUY on EURUSD @ 1.198, SL: 1.19751, TP: 1.1989799999999997
2026-01-28 13:26:40,084 - ICT_Strategy - INFO - DRY RUN: Order NOT sent to broker.
2026-01-28 13:26:42,459 - ICT_Strategy - INFO - FOUND BUY SETUP: GBPUSD in NY_OPEN. FVG: {'type': 'BULLISH', 'top': np.float64(1.37778), 'bottom': np.float64(1.37723), 'time': np.int64(1769609400)}
2026-01-28 13:27:42,516 - Main - INFO - Heartbeat: Checking markets...
2026-01-28 13:27:42,549 - ICT_Strategy - INFO - FOUND BUY SETUP: EURUSD in NY_OPEN. FVG: {'type': 'BULLISH', 'top': np.float64(1.19784), 'bottom': np.float64(1.19751), 'time': np.int64(1769610300)}
2026-01-28 13:27:42,550 - ICT_Strategy - INFO - Placing BUY on EURUSD @ 1.1982599999999999, SL: 1.19751, TP: 1.1997599999999995
2026-01-28 13:27:42,551 - ICT_Strategy - INFO - DRY RUN: Order NOT sent to broker.
2026-01-28 13:28:44,041 - Main - INFO - Heartbeat: Checking markets...
2026-01-28 13:28:44,091 - ICT_Strategy - INFO - FOUND BUY SETUP: EURUSD in NY_OPEN. FVG: {'type': 'BULLISH', 'top': np.float64(1.19784), 'bottom': np.float64(1.19751), 'time': np.int64(1769610300)}
2026-01-28 13:28:44,093 - ICT_Strategy - INFO - Placing BUY on EURUSD @ 1.19814, SL: 1.19751, TP: 1.1993999999999998
2026-01-28 13:28:44,093 - ICT_Strategy - INFO - DRY RUN: Order NOT sent to broker.
2026-01-28 13:28:46,451 - ICT_Strategy - INFO - FOUND BUY SETUP: GBPUSD in NY_OPEN. FVG: {'type': 'BULLISH', 'top': np.float64(1.37778), 'bottom': np.float64(1.37723), 'time': np.int64(1769609400)}
2026-01-28 13:29:46,564 - Main - INFO - Heartbeat: Checking markets...
2026-01-28 13:29:46,616 - ICT_Strategy - INFO - FOUND BUY SETUP: EURUSD in NY_OPEN. FVG: {'type': 'BULLISH', 'top': np.float64(1.19784), 'bottom': np.float64(1.19751), 'time': np.int64(1769610300)}
2026-01-28 13:29:46,618 - ICT_Strategy - INFO - Placing BUY on EURUSD @ 1.19814, SL: 1.19751, TP: 1.1993999999999998
2026-01-28 13:29:46,618 - ICT_Strategy - INFO - DRY RUN: Order NOT sent to broker.
2026-01-28 13:29:49,036 - ICT_Strategy - INFO - FOUND BUY SETUP: GBPUSD in NY_OPEN. FVG: {'type': 'BULLISH', 'top': np.float64(1.37778), 'bottom': np.float64(1.37723), 'time': np.int64(1769609400)}
2026-01-28 13:30:49,154 - Main - INFO - Heartbeat: Checking markets...
2026-01-28 13:30:49,228 - ICT_Strategy - INFO - FOUND BUY SETUP: EURUSD in NY_OPEN. FVG: {'type': 'BULLISH', 'top': np.float64(1.1979899999999999), 'bottom': np.float64(1.19793), 'time': np.int64(1769610600)}
2026-01-28 13:30:49,229 - ICT_Strategy - INFO - Placing BUY on EURUSD @ 1.1979899999999999, SL: 1.19793, TP: 1.1981099999999998
2026-01-28 13:30:49,230 - ICT_Strategy - INFO - DRY RUN: Order NOT sent to broker.
2026-01-28 13:30:51,615 - ICT_Strategy - INFO - FOUND BUY SETUP: GBPUSD in NY_OPEN. FVG: {'type': 'BULLISH', 'top': np.float64(1.37778), 'bottom': np.float64(1.37723), 'time': np.int64(1769609400)}
2026-01-28 13:31:51,709 - Main - INFO - Heartbeat: Checking markets...
2026-01-28 13:31:51,758 - ICT_Strategy - INFO - FOUND BUY SETUP: EURUSD in NY_OPEN. FVG: {'type': 'BULLISH', 'top': np.float64(1.19784), 'bottom': np.float64(1.19751), 'time': np.int64(1769610300)}
2026-01-28 13:31:51,760 - ICT_Strategy - INFO - Placing BUY on EURUSD @ 1.19796, SL: 1.19751, TP: 1.1988599999999996
2026-01-28 13:31:51,760 - ICT_Strategy - INFO - DRY RUN: Order NOT sent to broker.
2026-01-28 13:31:53,301 - ICT_Strategy - INFO - FOUND BUY SETUP: GBPUSD in NY_OPEN. FVG: {'type': 'BULLISH', 'top': np.float64(1.37778), 'bottom': np.float64(1.37723), 'time': np.int64(1769609400)}
2026-01-28 13:32:53,356 - Main - INFO - Heartbeat: Checking markets...
2026-01-28 13:32:53,378 - ICT_Strategy - INFO - FOUND BUY SETUP: EURUSD in NY_OPEN. FVG: {'type': 'BULLISH', 'top': np.float64(1.19784), 'bottom': np.float64(1.19751), 'time': np.int64(1769610300)}
2026-01-28 13:32:53,379 - ICT_Strategy - INFO - Placing BUY on EURUSD @ 1.1979899999999999, SL: 1.19751, TP: 1.1989499999999995
2026-01-28 13:32:53,379 - ICT_Strategy - INFO - DRY RUN: Order NOT sent to broker.
2026-01-28 13:32:54,847 - ICT_Strategy - INFO - FOUND BUY SETUP: GBPUSD in NY_OPEN. FVG: {'type': 'BULLISH', 'top': np.float64(1.37778), 'bottom': np.float64(1.37723), 'time': np.int64(1769609400)}
2026-01-28 13:33:54,997 - Main - INFO - Heartbeat: Checking markets...
2026-01-28 13:33:55,042 - ICT_Strategy - INFO - FOUND BUY SETUP: EURUSD in NY_OPEN. FVG: {'type': 'BULLISH', 'top': np.float64(1.19784), 'bottom': np.float64(1.19751), 'time': np.int64(1769610300)}
2026-01-28 13:33:55,045 - ICT_Strategy - INFO - Placing BUY on EURUSD @ 1.19821, SL: 1.19751, TP: 1.1996099999999998
2026-01-28 13:33:55,045 - ICT_Strategy - INFO - DRY RUN: Order NOT sent to broker.
2026-01-28 13:34:57,223 - Main - INFO - Heartbeat: Checking markets...
2026-01-28 13:34:57,337 - ICT_Strategy - INFO - FOUND BUY SETUP: EURUSD in NY_OPEN. FVG: {'type': 'BULLISH', 'top': np.float64(1.19784), 'bottom': np.float64(1.19751), 'time': np.int64(1769610300)}
2026-01-28 13:34:57,342 - ICT_Strategy - INFO - Placing BUY on EURUSD @ 1.19822, SL: 1.19751, TP: 1.19964
2026-01-28 13:34:57,343 - ICT_Strategy - INFO - DRY RUN: Order NOT sent to broker.
2026-01-28 13:35:05,361 - ICT_Strategy - INFO - FOUND BUY SETUP: GBPUSD in NY_OPEN. FVG: {'type': 'BULLISH', 'top': np.float64(1.37879), 'bottom': np.float64(1.37858), 'time': np.int64(1769610900)}
2026-01-28 13:36:05,490 - Main - INFO - Heartbeat: Checking markets...
2026-01-28 13:36:05,523 - ICT_Strategy - INFO - FOUND BUY SETUP: EURUSD in NY_OPEN. FVG: {'type': 'BULLISH', 'top': np.float64(1.19784), 'bottom': np.float64(1.19751), 'time': np.int64(1769610300)}
2026-01-28 13:36:05,526 - ICT_Strategy - INFO - Placing BUY on EURUSD @ 1.19804, SL: 1.19751, TP: 1.1990999999999998
2026-01-28 13:36:05,526 - ICT_Strategy - INFO - DRY RUN: Order NOT sent to broker.
2026-01-28 13:36:07,270 - ICT_Strategy - INFO - FOUND BUY SETUP: GBPUSD in NY_OPEN. FVG: {'type': 'BULLISH', 'top': np.float64(1.37863), 'bottom': np.float64(1.37858), 'time': np.int64(1769610900)}
2026-01-28 13:37:07,367 - Main - INFO - Heartbeat: Checking markets...
2026-01-28 13:37:07,387 - ICT_Strategy - INFO - FOUND BUY SETUP: EURUSD in NY_OPEN. FVG: {'type': 'BULLISH', 'top': np.float64(1.19784), 'bottom': np.float64(1.19751), 'time': np.int64(1769610300)}
2026-01-28 13:37:07,388 - ICT_Strategy - INFO - Placing BUY on EURUSD @ 1.19808, SL: 1.19751, TP: 1.19922
2026-01-28 13:37:07,388 - ICT_Strategy - INFO - DRY RUN: Order NOT sent to broker.
2026-01-28 13:38:08,859 - Main - INFO - Heartbeat: Checking markets...
2026-01-28 13:38:08,889 - ICT_Strategy - INFO - FOUND BUY SETUP: EURUSD in NY_OPEN. FVG: {'type': 'BULLISH', 'top': np.float64(1.19784), 'bottom': np.float64(1.19751), 'time': np.int64(1769610300)}
2026-01-28 13:38:08,892 - ICT_Strategy - INFO - Placing BUY on EURUSD @ 1.19824, SL: 1.19751, TP: 1.1996999999999998
2026-01-28 13:38:08,892 - ICT_Strategy - INFO - DRY RUN: Order NOT sent to broker.
2026-01-28 13:39:10,691 - Main - INFO - Heartbeat: Checking markets...
2026-01-28 13:39:10,733 - ICT_Strategy - INFO - FOUND BUY SETUP: EURUSD in NY_OPEN. FVG: {'type': 'BULLISH', 'top': np.float64(1.19784), 'bottom': np.float64(1.19751), 'time': np.int64(1769610300)}
2026-01-28 13:39:10,736 - ICT_Strategy - INFO - Placing BUY on EURUSD @ 1.19828, SL: 1.19751, TP: 1.1998199999999999
2026-01-28 13:39:10,736 - ICT_Strategy - INFO - DRY RUN: Order NOT sent to broker.
2026-01-28 13:40:13,084 - Main - INFO - Heartbeat: Checking markets...
2026-01-28 13:40:13,198 - ICT_Strategy - INFO - FOUND BUY SETUP: EURUSD in NY_OPEN. FVG: {'type': 'BULLISH', 'top': np.float64(1.19784), 'bottom': np.float64(1.19751), 'time': np.int64(1769610300)}
2026-01-28 13:40:13,199 - ICT_Strategy - INFO - Placing BUY on EURUSD @ 1.19828, SL: 1.19751, TP: 1.1998199999999999
2026-01-28 13:40:13,200 - ICT_Strategy - INFO - DRY RUN: Order NOT sent to broker.
2026-01-28 13:40:15,169 - ICT_Strategy - INFO - FOUND BUY SETUP: GBPUSD in NY_OPEN. FVG: {'type': 'BULLISH', 'top': np.float64(1.37883), 'bottom': np.float64(1.37882), 'time': np.int64(1769611200)}
2026-01-28 13:40:15,214 - ICT_Strategy - INFO - FOUND BUY SETUP: XAUUSD in NY_OPEN. FVG: {'type': 'BULLISH', 'top': np.float64(5269.95), 'bottom': np.float64(5265.15), 'time': np.int64(1769611200)}
2026-01-28 13:40:15,215 - ICT_Strategy - INFO - Placing BUY on XAUUSD @ 5270.1, SL: 5265.15, TP: 5280.000000000002
2026-01-28 13:40:15,215 - ICT_Strategy - INFO - DRY RUN: Order NOT sent to broker.
2026-01-28 13:41:17,115 - Main - INFO - Heartbeat: Checking markets...
2026-01-28 13:41:17,158 - ICT_Strategy - INFO - FOUND BUY SETUP: EURUSD in NY_OPEN. FVG: {'type': 'BULLISH', 'top': np.float64(1.19784), 'bottom': np.float64(1.19751), 'time': np.int64(1769610300)}
2026-01-28 13:41:17,160 - ICT_Strategy - INFO - Placing BUY on EURUSD @ 1.19804, SL: 1.19751, TP: 1.1990999999999998
2026-01-28 13:41:17,161 - ICT_Strategy - INFO - DRY RUN: Order NOT sent to broker.
2026-01-28 13:41:19,230 - ICT_Strategy - INFO - FOUND BUY SETUP: XAUUSD in NY_OPEN. FVG: {'type': 'BULLISH', 'top': np.float64(5269.03), 'bottom': np.float64(5265.15), 'time': np.int64(1769611200)}
2026-01-28 13:41:19,241 - ICT_Strategy - INFO - Placing BUY on XAUUSD @ 5269.23, SL: 5265.15, TP: 5277.389999999999
2026-01-28 13:41:19,242 - ICT_Strategy - INFO - DRY RUN: Order NOT sent to broker.
2026-01-28 13:42:20,990 - Main - INFO - Heartbeat: Checking markets...
2026-01-28 13:42:21,014 - ICT_Strategy - INFO - FOUND BUY SETUP: EURUSD in NY_OPEN. FVG: {'type': 'BULLISH', 'top': np.float64(1.19784), 'bottom': np.float64(1.19751), 'time': np.int64(1769610300)}
2026-01-28 13:42:21,015 - ICT_Strategy - INFO - Placing BUY on EURUSD @ 1.19769, SL: 1.19751, TP: 1.1980499999999996
2026-01-28 13:42:21,016 - ICT_Strategy - INFO - DRY RUN: Order NOT sent to broker.
2026-01-28 13:42:22,506 - ICT_Strategy - INFO - FOUND BUY SETUP: GBPUSD in NY_OPEN. FVG: {'type': 'BULLISH', 'top': np.float64(1.37778), 'bottom': np.float64(1.37723), 'time': np.int64(1769609400)}
2026-01-28 13:43:22,556 - Main - INFO - Heartbeat: Checking markets...
2026-01-28 13:43:22,637 - ICT_Strategy - INFO - FOUND BUY SETUP: GBPUSD in NY_OPEN. FVG: {'type': 'BULLISH', 'top': np.float64(1.37778), 'bottom': np.float64(1.37723), 'time': np.int64(1769609400)}
2026-01-28 13:43:22,662 - ICT_Strategy - INFO - FOUND SELL SETUP: USDJPY in NY_OPEN. FVG: {'type': 'BEARISH', 'top': np.float64(152.632), 'bottom': np.float64(152.621), 'time': np.int64(1769608200)}
2026-01-28 13:43:22,664 - ICT_Strategy - INFO - Placing SELL on USDJPY @ 152.561, SL: 152.632, TP: 152.419
2026-01-28 13:43:22,664 - ICT_Strategy - INFO - DRY RUN: Order NOT sent to broker.
2026-01-28 13:44:24,247 - Main - INFO - Heartbeat: Checking markets...
2026-01-28 13:44:24,294 - ICT_Strategy - INFO - FOUND BUY SETUP: EURUSD in NY_OPEN. FVG: {'type': 'BULLISH', 'top': np.float64(1.19784), 'bottom': np.float64(1.19751), 'time': np.int64(1769610300)}
2026-01-28 13:44:24,296 - ICT_Strategy - INFO - Placing BUY on EURUSD @ 1.19752, SL: 1.19751, TP: 1.1975399999999996
2026-01-28 13:44:24,296 - ICT_Strategy - INFO - DRY RUN: Order NOT sent to broker.
2026-01-28 13:44:26,744 - ICT_Strategy - INFO - FOUND BUY SETUP: GBPUSD in NY_OPEN. FVG: {'type': 'BULLISH', 'top': np.float64(1.37778), 'bottom': np.float64(1.37723), 'time': np.int64(1769609400)}
2026-01-28 13:44:26,776 - ICT_Strategy - INFO - FOUND SELL SETUP: USDJPY in NY_OPEN. FVG: {'type': 'BEARISH', 'top': np.float64(152.632), 'bottom': np.float64(152.621), 'time': np.int64(1769608200)}
2026-01-28 13:44:26,777 - ICT_Strategy - INFO - Placing SELL on USDJPY @ 152.571, SL: 152.632, TP: 152.44899999999998
2026-01-28 13:44:26,777 - ICT_Strategy - INFO - DRY RUN: Order NOT sent to broker.
2026-01-28 13:45:28,817 - Main - INFO - Heartbeat: Checking markets...
2026-01-28 13:45:28,948 - ICT_Strategy - INFO - FOUND BUY SETUP: XAUUSD in NY_OPEN. FVG: {'type': 'BULLISH', 'top': np.float64(5267.01), 'bottom': np.float64(5265.15), 'time': np.int64(1769611200)}
2026-01-28 13:45:28,950 - ICT_Strategy - INFO - Placing BUY on XAUUSD @ 5269.03, SL: 5265.15, TP: 5276.79
2026-01-28 13:45:28,950 - ICT_Strategy - INFO - DRY RUN: Order NOT sent to broker.
2026-01-28 13:46:31,373 - Main - INFO - Heartbeat: Checking markets...
2026-01-28 13:47:31,522 - Main - INFO - Heartbeat: Checking markets...
2026-01-28 13:48:31,725 - Main - INFO - Heartbeat: Checking markets...
2026-01-28 13:48:31,916 - ICT_Strategy - INFO - FOUND BUY SETUP: XAUUSD in NY_OPEN. FVG: {'type': 'BULLISH', 'top': np.float64(5267.01), 'bottom': np.float64(5265.15), 'time': np.int64(1769611200)}
2026-01-28 13:48:31,917 - ICT_Strategy - INFO - Placing BUY on XAUUSD @ 5267.95, SL: 5265.15, TP: 5273.55
2026-01-28 13:48:31,917 - ICT_Strategy - INFO - DRY RUN: Order NOT sent to broker.
2026-01-28 13:49:33,484 - Main - INFO - Heartbeat: Checking markets...
2026-01-28 13:49:33,609 - ICT_Strategy - INFO - FOUND BUY SETUP: XAUUSD in NY_OPEN. FVG: {'type': 'BULLISH', 'top': np.float64(5267.01), 'bottom': np.float64(5265.15), 'time': np.int64(1769611200)}
2026-01-28 13:49:33,610 - ICT_Strategy - INFO - Placing BUY on XAUUSD @ 5265.62, SL: 5265.15, TP: 5266.56
2026-01-28 13:49:33,610 - ICT_Strategy - INFO - DRY RUN: Order NOT sent to broker.
2026-01-28 13:50:35,725 - Main - INFO - Heartbeat: Checking markets...
2026-01-28 13:50:35,915 - ICT_Strategy - INFO - FOUND BUY SETUP: XAUUSD in NY_OPEN. FVG: {'type': 'BULLISH', 'top': np.float64(5267.01), 'bottom': np.float64(5265.15), 'time': np.int64(1769611200)}
2026-01-28 13:50:35,918 - ICT_Strategy - INFO - Placing BUY on XAUUSD @ 5268.76, SL: 5265.15, TP: 5275.980000000001
2026-01-28 13:50:35,919 - ICT_Strategy - INFO - DRY RUN: Order NOT sent to broker.
2026-01-28 13:51:37,990 - Main - INFO - Heartbeat: Checking markets...
2026-01-28 13:51:38,188 - ICT_Strategy - INFO - FOUND BUY SETUP: XAUUSD in NY_OPEN. FVG: {'type': 'BULLISH', 'top': np.float64(5267.01), 'bottom': np.float64(5265.15), 'time': np.int64(1769611200)}
2026-01-28 13:51:38,190 - ICT_Strategy - INFO - Placing BUY on XAUUSD @ 5269.62, SL: 5265.15, TP: 5278.56
2026-01-28 13:51:38,190 - ICT_Strategy - INFO - DRY RUN: Order NOT sent to broker.
2026-01-28 13:52:40,704 - Main - INFO - Heartbeat: Checking markets...
2026-01-28 13:53:40,882 - Main - INFO - Heartbeat: Checking markets...
2026-01-28 13:54:41,062 - Main - INFO - Heartbeat: Checking markets...
2026-01-28 13:55:41,204 - Main - INFO - Heartbeat: Checking markets...
2026-01-28 13:55:41,341 - ICT_Strategy - INFO - FOUND BUY SETUP: EURUSD in NY_OPEN. FVG: {'type': 'BULLISH', 'top': np.float64(1.19779), 'bottom': np.float64(1.19769), 'time': np.int64(1769612100)}
2026-01-28 13:55:41,345 - ICT_Strategy - INFO - Placing BUY on EURUSD @ 1.19795, SL: 1.19769, TP: 1.1984700000000004
2026-01-28 13:55:41,346 - ICT_Strategy - INFO - DRY RUN: Order NOT sent to broker.
2026-01-28 13:55:43,757 - ICT_Strategy - INFO - FOUND BUY SETUP: GBPUSD in NY_OPEN. FVG: {'type': 'BULLISH', 'top': np.float64(1.37882), 'bottom': np.float64(1.37855), 'time': np.int64(1769612100)}
2026-01-28 13:55:43,836 - ICT_Strategy - INFO - FOUND BUY SETUP: XAUUSD in NY_OPEN. FVG: {'type': 'BULLISH', 'top': np.float64(5272.98), 'bottom': np.float64(5271.79), 'time': np.int64(1769612100)}
2026-01-28 13:55:43,838 - ICT_Strategy - INFO - Placing BUY on XAUUSD @ 5273.92, SL: 5271.79, TP: 5278.18
2026-01-28 13:55:43,838 - ICT_Strategy - INFO - DRY RUN: Order NOT sent to broker.
2026-01-28 13:56:46,154 - Main - INFO - Heartbeat: Checking markets...
2026-01-28 13:56:46,181 - ICT_Strategy - INFO - FOUND BUY SETUP: EURUSD in NY_OPEN. FVG: {'type': 'BULLISH', 'top': np.float64(1.19774), 'bottom': np.float64(1.19769), 'time': np.int64(1769612100)}
2026-01-28 13:56:46,182 - ICT_Strategy - INFO - Placing BUY on EURUSD @ 1.19778, SL: 1.19769, TP: 1.1979600000000004
2026-01-28 13:56:46,183 - ICT_Strategy - INFO - DRY RUN: Order NOT sent to broker.
2026-01-28 13:56:48,183 - ICT_Strategy - INFO - FOUND BUY SETUP: GBPUSD in NY_OPEN. FVG: {'type': 'BULLISH', 'top': np.float64(1.37882), 'bottom': np.float64(1.37855), 'time': np.int64(1769612100)}
2026-01-28 13:57:48,286 - Main - INFO - Heartbeat: Checking markets...
2026-01-28 13:57:48,370 - ICT_Strategy - INFO - FOUND BUY SETUP: GBPUSD in NY_OPEN. FVG: {'type': 'BULLISH', 'top': np.float64(1.37882), 'bottom': np.float64(1.37855), 'time': np.int64(1769612100)}
2026-01-28 13:57:48,417 - ICT_Strategy - INFO - FOUND BUY SETUP: XAUUSD in NY_OPEN. FVG: {'type': 'BULLISH', 'top': np.float64(5272.98), 'bottom': np.float64(5271.79), 'time': np.int64(1769612100)}
2026-01-28 13:57:48,418 - ICT_Strategy - INFO - Placing BUY on XAUUSD @ 5275.48, SL: 5271.79, TP: 5282.859999999999
2026-01-28 13:57:48,418 - ICT_Strategy - INFO - DRY RUN: Order NOT sent to broker.
2026-01-28 13:58:50,648 - Main - INFO - Heartbeat: Checking markets...
2026-01-28 13:58:50,810 - ICT_Strategy - INFO - FOUND BUY SETUP: GBPUSD in NY_OPEN. FVG: {'type': 'BULLISH', 'top': np.float64(1.37882), 'bottom': np.float64(1.37855), 'time': np.int64(1769612100)}
2026-01-28 13:59:50,879 - Main - INFO - Heartbeat: Checking markets...
2026-01-28 13:59:50,996 - ICT_Strategy - INFO - FOUND BUY SETUP: GBPUSD in NY_OPEN. FVG: {'type': 'BULLISH', 'top': np.float64(1.37882), 'bottom': np.float64(1.37855), 'time': np.int64(1769612100)}
2026-01-28 14:00:51,101 - Main - INFO - Heartbeat: Checking markets...
2026-01-28 14:00:51,247 - ICT_Strategy - INFO - FOUND BUY SETUP: GBPUSD in NY_OPEN. FVG: {'type': 'BULLISH', 'top': np.float64(1.37915), 'bottom': np.float64(1.37901), 'time': np.int64(1769612400)}
2026-01-28 14:01:51,328 - Main - INFO - Heartbeat: Checking markets...
2026-01-28 14:01:51,439 - ICT_Strategy - INFO - FOUND BUY SETUP: GBPUSD in NY_OPEN. FVG: {'type': 'BULLISH', 'top': np.float64(1.37911), 'bottom': np.float64(1.37901), 'time': np.int64(1769612400)}
2026-01-28 14:02:51,534 - Main - INFO - Heartbeat: Checking markets...
2026-01-28 14:02:51,631 - ICT_Strategy - INFO - FOUND BUY SETUP: GBPUSD in NY_OPEN. FVG: {'type': 'BULLISH', 'top': np.float64(1.37882), 'bottom': np.float64(1.37855), 'time': np.int64(1769612100)}
2026-01-28 14:03:51,717 - Main - INFO - Heartbeat: Checking markets...
2026-01-28 14:03:51,804 - ICT_Strategy - INFO - FOUND BUY SETUP: GBPUSD in NY_OPEN. FVG: {'type': 'BULLISH', 'top': np.float64(1.37882), 'bottom': np.float64(1.37855), 'time': np.int64(1769612100)}
2026-01-28 14:04:51,885 - Main - INFO - Heartbeat: Checking markets...
2026-01-28 14:04:51,980 - ICT_Strategy - INFO - FOUND BUY SETUP: GBPUSD in NY_OPEN. FVG: {'type': 'BULLISH', 'top': np.float64(1.37882), 'bottom': np.float64(1.37855), 'time': np.int64(1769612100)}
2026-01-28 14:05:52,067 - Main - INFO - Heartbeat: Checking markets...
2026-01-28 14:05:52,156 - ICT_Strategy - INFO - FOUND BUY SETUP: GBPUSD in NY_OPEN. FVG: {'type': 'BULLISH', 'top': np.float64(1.37882), 'bottom': np.float64(1.37855), 'time': np.int64(1769612100)}
2026-01-28 14:05:52,245 - ICT_Strategy - INFO - FOUND BUY SETUP: XAUUSD in NY_OPEN. FVG: {'type': 'BULLISH', 'top': np.float64(5283.26), 'bottom': np.float64(5279.25), 'time': np.int64(1769612700)}
2026-01-28 14:05:52,246 - ICT_Strategy - INFO - Placing BUY on XAUUSD @ 5285.6, SL: 5279.25, TP: 5298.300000000001
2026-01-28 14:05:52,247 - ICT_Strategy - INFO - DRY RUN: Order NOT sent to broker.
2026-01-28 14:06:55,400 - Main - INFO - Heartbeat: Checking markets...
2026-01-28 14:06:55,468 - ICT_Strategy - INFO - FOUND BUY SETUP: GBPUSD in NY_OPEN. FVG: {'type': 'BULLISH', 'top': np.float64(1.37882), 'bottom': np.float64(1.37855), 'time': np.int64(1769612100)}
2026-01-28 14:06:55,554 - ICT_Strategy - INFO - FOUND BUY SETUP: XAUUSD in NY_OPEN. FVG: {'type': 'BULLISH', 'top': np.float64(5283.21), 'bottom': np.float64(5279.25), 'time': np.int64(1769612700)}
2026-01-28 14:06:55,555 - ICT_Strategy - INFO - Placing BUY on XAUUSD @ 5284.59, SL: 5279.25, TP: 5295.27
2026-01-28 14:06:55,556 - ICT_Strategy - INFO - DRY RUN: Order NOT sent to broker.
2026-01-28 14:07:58,068 - Main - INFO - Heartbeat: Checking markets...
2026-01-28 14:07:58,203 - ICT_Strategy - INFO - FOUND BUY SETUP: GBPUSD in NY_OPEN. FVG: {'type': 'BULLISH', 'top': np.float64(1.37882), 'bottom': np.float64(1.37855), 'time': np.int64(1769612100)}
2026-01-28 14:08:58,283 - Main - INFO - Heartbeat: Checking markets...
2026-01-28 14:08:58,464 - ICT_Strategy - INFO - FOUND BUY SETUP: GBPUSD in NY_OPEN. FVG: {'type': 'BULLISH', 'top': np.float64(1.37882), 'bottom': np.float64(1.37855), 'time': np.int64(1769612100)}
2026-01-28 14:09:58,563 - Main - INFO - Heartbeat: Checking markets...
2026-01-28 14:09:58,699 - ICT_Strategy - INFO - FOUND BUY SETUP: GBPUSD in NY_OPEN. FVG: {'type': 'BULLISH', 'top': np.float64(1.37882), 'bottom': np.float64(1.37855), 'time': np.int64(1769612100)}
2026-01-28 14:10:58,788 - Main - INFO - Heartbeat: Checking markets...
2026-01-28 14:10:58,932 - ICT_Strategy - INFO - FOUND BUY SETUP: GBPUSD in NY_OPEN. FVG: {'type': 'BULLISH', 'top': np.float64(1.37882), 'bottom': np.float64(1.37855), 'time': np.int64(1769612100)}
2026-01-28 14:11:59,038 - Main - INFO - Heartbeat: Checking markets...
2026-01-28 14:11:59,178 - ICT_Strategy - INFO - FOUND BUY SETUP: GBPUSD in NY_OPEN. FVG: {'type': 'BULLISH', 'top': np.float64(1.37882), 'bottom': np.float64(1.37855), 'time': np.int64(1769612100)}
2026-01-28 14:12:59,258 - Main - INFO - Heartbeat: Checking markets...
2026-01-28 14:13:59,817 - Main - INFO - Heartbeat: Checking markets...
2026-01-28 14:15:00,007 - Main - INFO - Heartbeat: Checking markets...
2026-01-28 14:16:00,381 - Main - INFO - Heartbeat: Checking markets...
2026-01-28 14:17:00,536 - Main - INFO - Heartbeat: Checking markets...
2026-02-03 09:28:58,166 - Main - INFO - Starting ICT Trading Bot...
2026-02-03 09:28:58,169 - Main - INFO - Mode: LIVE TRADING
2026-02-03 09:28:58,170 - Main - INFO - Symbols: ['EURUSD', 'GBPUSD', 'XAUUSD']
2026-02-03 09:28:58,171 - MT5_Handler - INFO - Initializing MT5...
2026-02-03 09:29:14,691 - MT5_Handler - INFO - Connected to account #5044833358 on MetaQuotes-Demo
2026-02-03 09:29:14,708 - Main - INFO - Bot initialized successfully. Starting main loop...
2026-02-03 09:29:14,710 - Main - INFO - Heartbeat: Checking markets...
2026-02-03 09:30:28,644 - Main - INFO - Heartbeat: Checking markets...
2026-02-03 09:30:28,915 - ICT_Strategy - INFO - FOUND SELL SETUP: GBPUSD in LONDON_OPEN. FVG: {'type': 'BEARISH', 'top': np.float64(1.36909), 'bottom': np.float64(1.3685399999999999), 'time': np.int64(1770114000)}
2026-02-03 09:30:28,927 - ICT_Strategy - INFO - Placing SELL on GBPUSD @ 1.36838, SL: 1.36909, TP: 1.36696
2026-02-03 09:30:28,933 - MT5_Handler - ERROR - Order failed: Unsupported filling mode (Code: 10030)
2026-02-03 09:31:29,020 - Main - INFO - Heartbeat: Checking markets...
2026-02-03 09:31:29,246 - ICT_Strategy - INFO - FOUND SELL SETUP: GBPUSD in LONDON_OPEN. FVG: {'type': 'BEARISH', 'top': np.float64(1.36909), 'bottom': np.float64(1.3685399999999999), 'time': np.int64(1770114000)}
2026-02-03 09:31:29,250 - ICT_Strategy - INFO - Placing SELL on GBPUSD @ 1.36839, SL: 1.36909, TP: 1.3669900000000001
2026-02-03 09:31:29,260 - MT5_Handler - ERROR - Order failed: Unsupported filling mode (Code: 10030)
2026-02-03 09:31:58,907 - Main - INFO - Starting ICT Trading Bot...
2026-02-03 09:31:58,908 - Main - INFO - Mode: LIVE TRADING
2026-02-03 09:31:58,909 - Main - INFO - Symbols: ['EURUSD', 'GBPUSD', 'XAUUSD']
2026-02-03 09:31:58,909 - MT5_Handler - INFO - Initializing MT5...
2026-02-03 09:32:04,505 - MT5_Handler - INFO - Connected to account #5044833358 on MetaQuotes-Demo
2026-02-03 09:32:04,510 - Main - INFO - Bot initialized successfully. Starting main loop...
2026-02-03 09:32:04,512 - Main - INFO - Heartbeat: Checking markets...
2026-02-03 09:32:04,918 - ICT_Strategy - INFO - FOUND SELL SETUP: GBPUSD in LONDON_OPEN. FVG: {'type': 'BEARISH', 'top': np.float64(1.36909), 'bottom': np.float64(1.3685399999999999), 'time': np.int64(1770114000)}
2026-02-03 09:32:04,920 - ICT_Strategy - INFO - Placing SELL on GBPUSD @ 1.36822, SL: 1.36909, TP: 1.3664800000000001
2026-02-03 09:32:04,922 - ICT_Strategy - ERROR - Error analyzing GBPUSD: module 'MetaTrader5' has no attribute 'SYMBOL_FILLING_IOC'
2026-02-03 09:33:04,980 - Main - INFO - Heartbeat: Checking markets...
2026-02-03 09:33:05,266 - ICT_Strategy - INFO - FOUND SELL SETUP: GBPUSD in LONDON_OPEN. FVG: {'type': 'BEARISH', 'top': np.float64(1.36909), 'bottom': np.float64(1.3685399999999999), 'time': np.int64(1770114000)}
2026-02-03 09:33:05,268 - ICT_Strategy - INFO - Placing SELL on GBPUSD @ 1.36818, SL: 1.36909, TP: 1.36636
2026-02-03 09:33:05,269 - ICT_Strategy - ERROR - Error analyzing GBPUSD: module 'MetaTrader5' has no attribute 'SYMBOL_FILLING_IOC'
2026-02-03 09:34:12,145 - Main - INFO - Starting ICT Trading Bot...
2026-02-03 09:34:12,146 - Main - INFO - Mode: LIVE TRADING
2026-02-03 09:34:12,146 - Main - INFO - Symbols: ['EURUSD', 'GBPUSD', 'XAUUSD']
2026-02-03 09:34:12,146 - MT5_Handler - INFO - Initializing MT5...
2026-02-03 09:34:19,024 - MT5_Handler - INFO - Connected to account #5044833358 on MetaQuotes-Demo
2026-02-03 09:34:19,025 - Main - INFO - Bot initialized successfully. Starting main loop...
2026-02-03 09:34:19,027 - Main - INFO - Heartbeat: Checking markets...
2026-02-03 09:34:19,406 - ICT_Strategy - INFO - FOUND SELL SETUP: GBPUSD in LONDON_OPEN. FVG: {'type': 'BEARISH', 'top': np.float64(1.36909), 'bottom': np.float64(1.3685399999999999), 'time': np.int64(1770114000)}
2026-02-03 09:34:19,408 - ICT_Strategy - INFO - Placing SELL on GBPUSD @ 1.36821, SL: 1.36909, TP: 1.36645
2026-02-03 09:34:19,627 - MT5_Handler - INFO - Order placed successfully: OrderSendResult(retcode=10009, deal=54786042073, order=54997007632, volume=0.01, price=1.36821, bid=0.0, ask=0.0, comment='Request executed', request_id=371152729, retcode_external=0, request=TradeRequest(action=1, magic=123456, order=0, symbol='GBPUSD', volume=0.01, price=1.36821, stoplimit=0.0, sl=1.36909, tp=1.36645, deviation=20, type=1, type_filling=0, type_time=0, expiration=0, comment='ICT Bot', position=0, position_by=0))
2026-02-03 09:35:22,444 - Main - INFO - Heartbeat: Checking markets...
2026-02-03 09:35:22,623 - ICT_Strategy - INFO - FOUND SELL SETUP: GBPUSD in LONDON_OPEN. FVG: {'type': 'BEARISH', 'top': np.float64(1.36909), 'bottom': np.float64(1.3685399999999999), 'time': np.int64(1770114000)}
2026-02-03 09:36:22,654 - Main - INFO - Heartbeat: Checking markets...
2026-02-03 09:36:22,763 - ICT_Strategy - INFO - FOUND SELL SETUP: GBPUSD in LONDON_OPEN. FVG: {'type': 'BEARISH', 'top': np.float64(1.36909), 'bottom': np.float64(1.3685399999999999), 'time': np.int64(1770114000)}
2026-02-03 09:37:22,787 - Main - INFO - Heartbeat: Checking markets...
2026-02-03 09:37:22,859 - ICT_Strategy - INFO - FOUND SELL SETUP: GBPUSD in LONDON_OPEN. FVG: {'type': 'BEARISH', 'top': np.float64(1.36909), 'bottom': np.float64(1.3685399999999999), 'time': np.int64(1770114000)}
2026-02-03 09:38:22,902 - Main - INFO - Heartbeat: Checking markets...
2026-02-03 09:38:23,000 - ICT_Strategy - INFO - FOUND SELL SETUP: GBPUSD in LONDON_OPEN. FVG: {'type': 'BEARISH', 'top': np.float64(1.36909), 'bottom': np.float64(1.3685399999999999), 'time': np.int64(1770114000)}
2026-02-03 09:39:23,054 - Main - INFO - Heartbeat: Checking markets...
2026-02-03 09:39:23,150 - ICT_Strategy - INFO - FOUND SELL SETUP: GBPUSD in LONDON_OPEN. FVG: {'type': 'BEARISH', 'top': np.float64(1.36909), 'bottom': np.float64(1.3685399999999999), 'time': np.int64(1770114000)}
2026-02-03 09:40:23,177 - Main - INFO - Heartbeat: Checking markets...
2026-02-03 09:40:23,243 - ICT_Strategy - INFO - FOUND SELL SETUP: GBPUSD in LONDON_OPEN. FVG: {'type': 'BEARISH', 'top': np.float64(1.36909), 'bottom': np.float64(1.3685399999999999), 'time': np.int64(1770114000)}
2026-02-03 09:41:23,279 - Main - INFO - Heartbeat: Checking markets...
2026-02-03 09:41:23,344 - ICT_Strategy - INFO - FOUND SELL SETUP: GBPUSD in LONDON_OPEN. FVG: {'type': 'BEARISH', 'top': np.float64(1.36909), 'bottom': np.float64(1.3685399999999999), 'time': np.int64(1770114000)}
2026-02-03 09:42:23,388 - Main - INFO - Heartbeat: Checking markets...
2026-02-03 09:42:23,437 - ICT_Strategy - INFO - FOUND SELL SETUP: EURUSD in LONDON_OPEN. FVG: {'type': 'BEARISH', 'top': np.float64(1.18181), 'bottom': np.float64(1.18176), 'time': np.int64(1770112800)}
2026-02-03 09:42:23,440 - ICT_Strategy - INFO - Placing SELL on EURUSD @ 1.18142, SL: 1.18181, TP: 1.1806399999999997
2026-02-03 09:42:23,637 - MT5_Handler - INFO - Order placed successfully: OrderSendResult(retcode=10009, deal=54786207883, order=54997176190, volume=0.01, price=1.18142, bid=0.0, ask=0.0, comment='Request executed', request_id=371152730, retcode_external=0, request=TradeRequest(action=1, magic=123456, order=0, symbol='EURUSD', volume=0.01, price=1.18142, stoplimit=0.0, sl=1.18181, tp=1.1806399999999997, deviation=20, type=1, type_filling=0, type_time=0, expiration=0, comment='ICT Bot', position=0, position_by=0))
2026-02-03 09:42:27,473 - ICT_Strategy - INFO - FOUND SELL SETUP: GBPUSD in LONDON_OPEN. FVG: {'type': 'BEARISH', 'top': np.float64(1.36909), 'bottom': np.float64(1.3685399999999999), 'time': np.int64(1770114000)}
2026-02-03 09:43:27,523 - Main - INFO - Heartbeat: Checking markets...
2026-02-03 09:43:27,611 - ICT_Strategy - INFO - FOUND SELL SETUP: EURUSD in LONDON_OPEN. FVG: {'type': 'BEARISH', 'top': np.float64(1.18181), 'bottom': np.float64(1.18176), 'time': np.int64(1770112800)}
2026-02-03 09:43:27,659 - ICT_Strategy - INFO - FOUND SELL SETUP: GBPUSD in LONDON_OPEN. FVG: {'type': 'BEARISH', 'top': np.float64(1.36909), 'bottom': np.float64(1.3685399999999999), 'time': np.int64(1770114000)}
2026-02-03 09:44:27,715 - Main - INFO - Heartbeat: Checking markets...
2026-02-03 09:44:27,778 - ICT_Strategy - INFO - FOUND SELL SETUP: EURUSD in LONDON_OPEN. FVG: {'type': 'BEARISH', 'top': np.float64(1.18181), 'bottom': np.float64(1.18176), 'time': np.int64(1770112800)}
2026-02-03 09:44:27,844 - ICT_Strategy - INFO - FOUND SELL SETUP: GBPUSD in LONDON_OPEN. FVG: {'type': 'BEARISH', 'top': np.float64(1.36909), 'bottom': np.float64(1.3685399999999999), 'time': np.int64(1770114000)}
2026-02-03 09:45:27,896 - Main - INFO - Heartbeat: Checking markets...
2026-02-03 09:45:28,040 - ICT_Strategy - INFO - FOUND SELL SETUP: GBPUSD in LONDON_OPEN. FVG: {'type': 'BEARISH', 'top': np.float64(1.36909), 'bottom': np.float64(1.3685399999999999), 'time': np.int64(1770114000)}
2026-02-03 09:46:28,072 - Main - INFO - Heartbeat: Checking markets...
2026-02-03 09:46:28,176 - ICT_Strategy - INFO - FOUND SELL SETUP: GBPUSD in LONDON_OPEN. FVG: {'type': 'BEARISH', 'top': np.float64(1.36909), 'bottom': np.float64(1.3685399999999999), 'time': np.int64(1770114000)}
2026-02-03 09:47:28,218 - Main - INFO - Heartbeat: Checking markets...
2026-02-03 09:47:28,374 - ICT_Strategy - INFO - FOUND SELL SETUP: GBPUSD in LONDON_OPEN. FVG: {'type': 'BEARISH', 'top': np.float64(1.36909), 'bottom': np.float64(1.3685399999999999), 'time': np.int64(1770114000)}
2026-02-03 09:48:28,410 - Main - INFO - Heartbeat: Checking markets...
2026-02-03 09:48:28,608 - ICT_Strategy - INFO - FOUND SELL SETUP: GBPUSD in LONDON_OPEN. FVG: {'type': 'BEARISH', 'top': np.float64(1.36909), 'bottom': np.float64(1.3685399999999999), 'time': np.int64(1770114000)}
2026-02-03 09:49:28,698 - Main - INFO - Heartbeat: Checking markets...
2026-02-03 09:49:28,790 - ICT_Strategy - INFO - FOUND SELL SETUP: GBPUSD in LONDON_OPEN. FVG: {'type': 'BEARISH', 'top': np.float64(1.36909), 'bottom': np.float64(1.3685399999999999), 'time': np.int64(1770114000)}
2026-02-03 09:50:28,848 - Main - INFO - Heartbeat: Checking markets...
2026-02-03 09:50:28,958 - ICT_Strategy - INFO - FOUND SELL SETUP: GBPUSD in LONDON_OPEN. FVG: {'type': 'BEARISH', 'top': np.float64(1.36842), 'bottom': np.float64(1.36838), 'time': np.int64(1770115800)}
2026-02-03 09:51:29,008 - Main - INFO - Heartbeat: Checking markets...
2026-02-03 09:51:29,129 - ICT_Strategy - INFO - FOUND SELL SETUP: GBPUSD in LONDON_OPEN. FVG: {'type': 'BEARISH', 'top': np.float64(1.36909), 'bottom': np.float64(1.3685399999999999), 'time': np.int64(1770114000)}
2026-02-03 09:52:29,216 - Main - INFO - Heartbeat: Checking markets...
2026-02-03 09:52:29,326 - ICT_Strategy - INFO - FOUND SELL SETUP: GBPUSD in LONDON_OPEN. FVG: {'type': 'BEARISH', 'top': np.float64(1.36909), 'bottom': np.float64(1.3685399999999999), 'time': np.int64(1770114000)}
2026-02-03 09:53:29,397 - Main - INFO - Heartbeat: Checking markets...
2026-02-03 09:53:29,459 - ICT_Strategy - INFO - FOUND SELL SETUP: GBPUSD in LONDON_OPEN. FVG: {'type': 'BEARISH', 'top': np.float64(1.36909), 'bottom': np.float64(1.3685399999999999), 'time': np.int64(1770114000)}
2026-02-03 09:54:29,492 - Main - INFO - Heartbeat: Checking markets...
2026-02-03 09:54:29,609 - ICT_Strategy - INFO - FOUND SELL SETUP: GBPUSD in LONDON_OPEN. FVG: {'type': 'BEARISH', 'top': np.float64(1.36909), 'bottom': np.float64(1.3685399999999999), 'time': np.int64(1770114000)}
2026-02-03 09:54:29,610 - ICT_Strategy - INFO - Placing SELL on GBPUSD @ 1.36897, SL: 1.36909, TP: 1.3687300000000002
2026-02-03 09:54:29,809 - MT5_Handler - INFO - Order placed successfully: OrderSendResult(retcode=10009, deal=54786438810, order=54997411354, volume=0.01, price=1.36891, bid=0.0, ask=0.0, comment='Request executed', request_id=371152731, retcode_external=0, request=TradeRequest(action=1, magic=123456, order=0, symbol='GBPUSD', volume=0.01, price=1.36897, stoplimit=0.0, sl=1.36909, tp=1.3687300000000002, deviation=20, type=1, type_filling=0, type_time=0, expiration=0, comment='ICT Bot', position=0, position_by=0))
2026-02-03 09:55:31,613 - Main - INFO - Heartbeat: Checking markets...
2026-02-03 09:56:31,693 - Main - INFO - Heartbeat: Checking markets...
2026-02-03 09:57:31,811 - Main - INFO - Heartbeat: Checking markets...
2026-02-03 09:57:31,877 - ICT_Strategy - INFO - FOUND SELL SETUP: GBPUSD in LONDON_OPEN. FVG: {'type': 'BEARISH', 'top': np.float64(1.36909), 'bottom': np.float64(1.3685399999999999), 'time': np.int64(1770114000)}
2026-02-03 09:57:31,878 - ICT_Strategy - INFO - Placing SELL on GBPUSD @ 1.36871, SL: 1.36909, TP: 1.3679500000000004
2026-02-03 09:57:32,078 - MT5_Handler - INFO - Order placed successfully: OrderSendResult(retcode=10009, deal=54786492690, order=54997465722, volume=0.01, price=1.36871, bid=0.0, ask=0.0, comment='Request executed', request_id=371152732, retcode_external=0, request=TradeRequest(action=1, magic=123456, order=0, symbol='GBPUSD', volume=0.01, price=1.36871, stoplimit=0.0, sl=1.36909, tp=1.3679500000000004, deviation=20, type=1, type_filling=0, type_time=0, expiration=0, comment='ICT Bot', position=0, position_by=0))
2026-02-03 09:58:34,035 - Main - INFO - Heartbeat: Checking markets...
2026-02-03 09:58:34,097 - ICT_Strategy - INFO - FOUND SELL SETUP: GBPUSD in LONDON_OPEN. FVG: {'type': 'BEARISH', 'top': np.float64(1.36909), 'bottom': np.float64(1.3685399999999999), 'time': np.int64(1770114000)}
2026-02-03 09:59:34,129 - Main - INFO - Heartbeat: Checking markets...
2026-02-03 09:59:34,212 - ICT_Strategy - INFO - FOUND SELL SETUP: GBPUSD in LONDON_OPEN. FVG: {'type': 'BEARISH', 'top': np.float64(1.36909), 'bottom': np.float64(1.3685399999999999), 'time': np.int64(1770114000)}
2026-02-03 10:00:34,251 - Main - INFO - Heartbeat: Checking markets...
2026-02-03 10:00:34,360 - ICT_Strategy - INFO - FOUND SELL SETUP: GBPUSD in LONDON_OPEN. FVG: {'type': 'BEARISH', 'top': np.float64(1.36909), 'bottom': np.float64(1.3685399999999999), 'time': np.int64(1770114000)}
2026-02-03 10:01:34,411 - Main - INFO - Heartbeat: Checking markets...
2026-02-03 10:01:34,492 - ICT_Strategy - INFO - FOUND SELL SETUP: GBPUSD in LONDON_OPEN. FVG: {'type': 'BEARISH', 'top': np.float64(1.36909), 'bottom': np.float64(1.3685399999999999), 'time': np.int64(1770114000)}
2026-02-03 10:02:34,529 - Main - INFO - Heartbeat: Checking markets...
2026-02-03 10:02:34,597 - ICT_Strategy - INFO - FOUND SELL SETUP: GBPUSD in LONDON_OPEN. FVG: {'type': 'BEARISH', 'top': np.float64(1.36909), 'bottom': np.float64(1.3685399999999999), 'time': np.int64(1770114000)}
2026-02-03 10:03:34,634 - Main - INFO - Heartbeat: Checking markets...
2026-02-03 10:04:34,836 - Main - INFO - Heartbeat: Checking markets...
2026-02-03 10:05:34,953 - Main - INFO - Heartbeat: Checking markets...
2026-02-03 10:05:35,014 - ICT_Strategy - INFO - FOUND SELL SETUP: EURUSD in LONDON_OPEN. FVG: {'type': 'BEARISH', 'top': np.float64(1.18126), 'bottom': np.float64(1.18093), 'time': np.int64(1770116700)}
2026-02-03 10:05:35,023 - ICT_Strategy - INFO - Placing SELL on EURUSD @ 1.18083, SL: 1.18126, TP: 1.1799700000000002
2026-02-03 10:05:35,219 - MT5_Handler - INFO - Order placed successfully: OrderSendResult(retcode=10009, deal=54786720477, order=54997696172, volume=0.01, price=1.18085, bid=0.0, ask=0.0, comment='Request executed', request_id=371152733, retcode_external=0, request=TradeRequest(action=1, magic=123456, order=0, symbol='EURUSD', volume=0.01, price=1.18083, stoplimit=0.0, sl=1.18126, tp=1.1799700000000002, deviation=20, type=1, type_filling=0, type_time=0, expiration=0, comment='ICT Bot', position=0, position_by=0))
2026-02-03 10:05:37,042 - ICT_Strategy - INFO - FOUND SELL SETUP: GBPUSD in LONDON_OPEN. FVG: {'type': 'BEARISH', 'top': np.float64(1.3685), 'bottom': np.float64(1.36814), 'time': np.int64(1770116700)}
2026-02-03 10:05:37,043 - ICT_Strategy - INFO - Placing SELL on GBPUSD @ 1.36808, SL: 1.3685, TP: 1.3672399999999998
2026-02-03 10:05:37,218 - MT5_Handler - INFO - Order placed successfully: OrderSendResult(retcode=10009, deal=54786721207, order=54997696882, volume=0.01, price=1.36807, bid=0.0, ask=0.0, comment='Request executed', request_id=371152734, retcode_external=0, request=TradeRequest(action=1, magic=123456, order=0, symbol='GBPUSD', volume=0.01, price=1.36808, stoplimit=0.0, sl=1.3685, tp=1.3672399999999998, deviation=20, type=1, type_filling=0, type_time=0, expiration=0, comment='ICT Bot', position=0, position_by=0))
2026-02-03 10:06:39,245 - Main - INFO - Heartbeat: Checking markets...
2026-02-03 10:06:39,285 - ICT_Strategy - INFO - FOUND SELL SETUP: EURUSD in LONDON_OPEN. FVG: {'type': 'BEARISH', 'top': np.float64(1.18126), 'bottom': np.float64(1.18096), 'time': np.int64(1770116700)}
2026-02-03 10:06:39,340 - ICT_Strategy - INFO - FOUND SELL SETUP: GBPUSD in LONDON_OPEN. FVG: {'type': 'BEARISH', 'top': np.float64(1.3685), 'bottom': np.float64(1.3682400000000001), 'time': np.int64(1770116700)}
2026-02-03 10:07:39,382 - Main - INFO - Heartbeat: Checking markets...
2026-02-03 10:07:39,442 - ICT_Strategy - INFO - FOUND SELL SETUP: EURUSD in LONDON_OPEN. FVG: {'type': 'BEARISH', 'top': np.float64(1.18126), 'bottom': np.float64(1.18116), 'time': np.int64(1770116700)}
2026-02-03 10:07:39,488 - ICT_Strategy - INFO - FOUND SELL SETUP: GBPUSD in LONDON_OPEN. FVG: {'type': 'BEARISH', 'top': np.float64(1.3685), 'bottom': np.float64(1.36845), 'time': np.int64(1770116700)}
2026-02-03 10:08:39,543 - Main - INFO - Heartbeat: Checking markets...
2026-02-03 10:08:39,584 - ICT_Strategy - INFO - FOUND SELL SETUP: EURUSD in LONDON_OPEN. FVG: {'type': 'BEARISH', 'top': np.float64(1.18126), 'bottom': np.float64(1.18116), 'time': np.int64(1770116700)}
2026-02-03 10:08:39,624 - ICT_Strategy - INFO - FOUND SELL SETUP: GBPUSD in LONDON_OPEN. FVG: {'type': 'BEARISH', 'top': np.float64(1.3685), 'bottom': np.float64(1.36845), 'time': np.int64(1770116700)}
2026-02-03 10:09:39,662 - Main - INFO - Heartbeat: Checking markets...
2026-02-03 10:09:39,699 - ICT_Strategy - INFO - FOUND SELL SETUP: EURUSD in LONDON_OPEN. FVG: {'type': 'BEARISH', 'top': np.float64(1.18126), 'bottom': np.float64(1.18116), 'time': np.int64(1770116700)}
2026-02-03 10:09:39,732 - ICT_Strategy - INFO - FOUND SELL SETUP: GBPUSD in LONDON_OPEN. FVG: {'type': 'BEARISH', 'top': np.float64(1.3685), 'bottom': np.float64(1.36845), 'time': np.int64(1770116700)}
2026-02-03 10:10:39,762 - Main - INFO - Heartbeat: Checking markets...
2026-02-03 10:10:39,795 - ICT_Strategy - INFO - FOUND SELL SETUP: EURUSD in LONDON_OPEN. FVG: {'type': 'BEARISH', 'top': np.float64(1.18126), 'bottom': np.float64(1.18116), 'time': np.int64(1770116700)}
2026-02-03 10:10:39,829 - ICT_Strategy - INFO - FOUND SELL SETUP: GBPUSD in LONDON_OPEN. FVG: {'type': 'BEARISH', 'top': np.float64(1.3685), 'bottom': np.float64(1.36845), 'time': np.int64(1770116700)}
2026-02-03 10:11:39,865 - Main - INFO - Heartbeat: Checking markets...
2026-02-03 10:11:39,937 - ICT_Strategy - INFO - FOUND SELL SETUP: EURUSD in LONDON_OPEN. FVG: {'type': 'BEARISH', 'top': np.float64(1.18126), 'bottom': np.float64(1.18116), 'time': np.int64(1770116700)}
2026-02-03 10:11:39,990 - ICT_Strategy - INFO - FOUND SELL SETUP: GBPUSD in LONDON_OPEN. FVG: {'type': 'BEARISH', 'top': np.float64(1.3685), 'bottom': np.float64(1.36845), 'time': np.int64(1770116700)}
2026-02-03 10:12:40,055 - Main - INFO - Heartbeat: Checking markets...
2026-02-03 10:12:40,085 - ICT_Strategy - INFO - FOUND SELL SETUP: EURUSD in LONDON_OPEN. FVG: {'type': 'BEARISH', 'top': np.float64(1.18126), 'bottom': np.float64(1.18116), 'time': np.int64(1770116700)}
2026-02-03 10:12:40,149 - ICT_Strategy - INFO - FOUND SELL SETUP: GBPUSD in LONDON_OPEN. FVG: {'type': 'BEARISH', 'top': np.float64(1.3685), 'bottom': np.float64(1.36845), 'time': np.int64(1770116700)}
2026-02-03 10:13:40,187 - Main - INFO - Heartbeat: Checking markets...
2026-02-03 10:13:40,253 - ICT_Strategy - INFO - FOUND SELL SETUP: EURUSD in LONDON_OPEN. FVG: {'type': 'BEARISH', 'top': np.float64(1.18126), 'bottom': np.float64(1.18116), 'time': np.int64(1770116700)}
2026-02-03 10:13:40,296 - ICT_Strategy - INFO - FOUND SELL SETUP: GBPUSD in LONDON_OPEN. FVG: {'type': 'BEARISH', 'top': np.float64(1.3685), 'bottom': np.float64(1.36845), 'time': np.int64(1770116700)}
2026-02-03 10:14:40,321 - Main - INFO - Heartbeat: Checking markets...
2026-02-03 10:14:40,377 - ICT_Strategy - INFO - FOUND SELL SETUP: EURUSD in LONDON_OPEN. FVG: {'type': 'BEARISH', 'top': np.float64(1.18126), 'bottom': np.float64(1.18116), 'time': np.int64(1770116700)}
2026-02-03 10:14:40,435 - ICT_Strategy - INFO - FOUND SELL SETUP: GBPUSD in LONDON_OPEN. FVG: {'type': 'BEARISH', 'top': np.float64(1.3685), 'bottom': np.float64(1.36845), 'time': np.int64(1770116700)}
2026-02-03 10:15:40,501 - Main - INFO - Heartbeat: Checking markets...
2026-02-03 10:15:40,546 - ICT_Strategy - INFO - FOUND SELL SETUP: EURUSD in LONDON_OPEN. FVG: {'type': 'BEARISH', 'top': np.float64(1.18126), 'bottom': np.float64(1.18116), 'time': np.int64(1770116700)}
2026-02-03 10:15:40,592 - ICT_Strategy - INFO - FOUND SELL SETUP: GBPUSD in LONDON_OPEN. FVG: {'type': 'BEARISH', 'top': np.float64(1.3685), 'bottom': np.float64(1.36845), 'time': np.int64(1770116700)}
